#
# A fatal error has been detected by the Java Runtime Environment:
#
#  EXCEPTION_ACCESS_VIOLATION (0xc0000005) at pc=0x00007ffddae29533, pid=17692, tid=21392
#
# JRE version: OpenJDK Runtime Environment JBR-17.0.11+1-1207.30-jcef (17.0.11+1) (build 17.0.11+1-b1207.30)
# Java VM: OpenJDK 64-Bit Server VM JBR-17.0.11+1-1207.30-jcef (17.0.11+1-b1207.30, mixed mode, tiered, compressed oops, compressed class ptrs, g1 gc, windows-amd64)
# Problematic frame:
# V  [jvm.dll+0x7f9533]
#
# No core dump will be written. Minidumps are not enabled by default on client versions of Windows
#
# If you would like to submit a bug report, please visit:
#   https://youtrack.jetbrains.com/issues/JBR
#

---------------  S U M M A R Y ------------

Command Line: -Djava.rmi.server.hostname=127.0.0.1 -Duser.timezone=UTC -Xmx2048m -Xms128m -Djdbc.classpath=C:\Program Files\JetBrains\IntelliJ IDEA 2024.1\plugins\DatabaseTools\lib\jdbc-console.jar;C:\Users\glebl\AppData\Roaming\JetBrains\IntelliJIdea2024.1\jdbc-drivers\H2\2.2.220\com\h2database\h2\2.2.220\h2-2.2.220.jar --add-exports=java.desktop/sun.awt=ALL-UNNAMED --add-exports=java.desktop/java.awt.peer=ALL-UNNAMED --add-opens=java.desktop/java.awt=ALL-UNNAMED --add-opens=jdk.unsupported/sun.misc=ALL-UNNAMED --add-opens=java.base/java.nio=ALL-UNNAMED --add-opens=java.base/java.util=ALL-UNNAMED -Dfile.encoding=UTF-8 com.intellij.database.remote.RemoteJdbcServer org.h2.Driver

Host: Intel(R) Core(TM) i7-9750H CPU @ 2.60GHz, 12 cores, 15G,  Windows 11 , 64 bit Build 22621 (10.0.22621.3958)
Time: Sun Sep  8 23:02:13 2024  Windows 11 , 64 bit Build 22621 (10.0.22621.3958) elapsed time: 0.101235 seconds (0d 0h 0m 0s)

---------------  T H R E A D  ---------------

Current thread (0x0000028e113ac430):  JavaThread "main" [_thread_in_vm, id=21392, stack(0x000000af38f00000,0x000000af39000000)]

Stack: [0x000000af38f00000,0x000000af39000000],  sp=0x000000af38fff390,  free space=1020k
Native frames: (J=compiled Java code, j=interpreted, Vv=VM code, C=native code)
V  [jvm.dll+0x7f9533]
V  [jvm.dll+0x7f8e36]
V  [jvm.dll+0x7ef33e]
V  [jvm.dll+0x7f5d86]
V  [jvm.dll+0x6ec4f4]
V  [jvm.dll+0x7f0804]
V  [jvm.dll+0x3f398f]
V  [jvm.dll+0x3f5541]
C  [jli.dll+0x528f]
C  [ucrtbase.dll+0x29333]
C  [KERNEL32.DLL+0x1257d]
C  [ntdll.dll+0x5af28]


siginfo: EXCEPTION_ACCESS_VIOLATION (0xc0000005), reading address 0xffffffffffffffff


Registers:
RAX=0x0000000000000001, RBX=0x8100000000004401, RCX=0x8100000000004401, RDX=0x00007ffddb1d9774
RSP=0x000000af38fff390, RBP=0x0000028e2bac7ad8, RSI=0x0000028e2bac5aa0, RDI=0x0000028e2bac7ad0
R8 =0x0000028e0efe1200, R9 =0x0000000000000001, R10=0x0000000000000003, R11=0x000000af38fff2c0
R12=0x0000000000000001, R13=0x0000028e0f1b5b50, R14=0x0000028e2b912a80, R15=0x0000028e113c47b0
RIP=0x00007ffddae29533, EFLAGS=0x0000000000010282


Register to memory mapping:

RIP=0x00007ffddae29533 jvm.dll
RAX=0x0000000000000001 is an unknown value
RBX=0x8100000000004401 is an unknown value
RCX=0x8100000000004401 is an unknown value
RDX=0x00007ffddb1d9774 jvm.dll
RSP=0x000000af38fff390 is pointing into the stack for thread: 0x0000028e113ac430
RBP=0x0000028e2bac7ad8 points into unknown readable memory: 0x1007478bad53bdfc | fc bd 53 ad 8b 47 07 10
RSI=0x0000028e2bac5aa0 points into unknown readable memory: 0x0000000000000000 | 00 00 00 00 00 00 00 00
RDI=0x0000028e2bac7ad0 points into unknown readable memory: 0x8100000000004401 | 01 44 00 00 00 00 00 81
R8 =0x0000028e0efe1200 points into unknown readable memory: 0x0000028e0efe0cc0 | c0 0c fe 0e 8e 02 00 00
R9 =0x0000000000000001 is an unknown value
R10=0x0000000000000003 is an unknown value
R11=0x000000af38fff2c0 is pointing into the stack for thread: 0x0000028e113ac430
R12=0x0000000000000001 is an unknown value
R13=0x0000028e0f1b5b50 points into unknown readable memory: 0x65746e692e6d6f63 | 63 6f 6d 2e 69 6e 74 65
R14=0x0000028e2b912a80 points into unknown readable memory: 0x00000005ed7c0690 | 90 06 7c ed 05 00 00 00
R15=0x0000028e113c47b0 points into unknown readable memory: 0x0000028e2bac5aa0 | a0 5a ac 2b 8e 02 00 00


Top of Stack: (sp=0x000000af38fff390)
0x000000af38fff390:   0000028e2baab9b8 0000028e2baadf90
0x000000af38fff3a0:   0000028e2ba9fe00 00007ffddac87b93
0x000000af38fff3b0:   00007ffddb007e18 0000028e113c47b0
0x000000af38fff3c0:   00007ffddac749d0 0000028e0f1b5b50
0x000000af38fff3d0:   0000000000000001 0000000000000005
0x000000af38fff3e0:   0000000000000009 00007ffddae28e36
0x000000af38fff3f0:   00007ffddb007ea0 0000028e2b912a80
0x000000af38fff400:   0000028e2b912a80 0000028e2baadf90
0x000000af38fff410:   0000028e113a7201 00007ffddae1f33e
0x000000af38fff420:   0000028e2baadf90 0000000000000000
0x000000af38fff430:   0000000000000000 00007ffddad1c620
0x000000af38fff440:   0000028e113a7210 00007ffddae25d86
0x000000af38fff450:   0000028e113acd78 0000028e2baadf90
0x000000af38fff460:   0000028e113acd78 0000028e2baadf90
0x000000af38fff470:   0000028e2ba7e1a0 00007ffddad1c4f4
0x000000af38fff480:   0000028e2baadf90 000000af38fff5d0
0x000000af38fff490:   0000028e113ac430 0000028e113ac430
0x000000af38fff4a0:   0000028e113acd68 0000028e113ac430
0x000000af38fff4b0:   0000028e113ac430 0000028e113ac430
0x000000af38fff4c0:   0000000000000000 00007ffddae20804
0x000000af38fff4d0:   0000028e113ac430 0000028e113acd68
0x000000af38fff4e0:   0000028e113acd78 0000028e113ac430
0x000000af38fff4f0:   0000028e0f1e88c0 000000af38fff648
0x000000af38fff500:   000000af38fff898 00007ffe6bd5db1c
0x000000af38fff510:   0000000000000001 00000191d371c1af
0x000000af38fff520:   0000028e0f1d3d90 0000000000000000
0x000000af38fff530:   0000000000000000 000000af38fff6f0
0x000000af38fff540:   000000af38fff648 00007ffe6bd58ce9
0x000000af38fff550:   00007ffe6be60100 0000000000000000
0x000000af38fff560:   0000000000000000 0000000000000200
0x000000af38fff570:   0000000000000000 00007ffddb005600
0x000000af38fff580:   0000000000000000 00007ffe68060000 

Instructions: (pc=0x00007ffddae29533)
0x00007ffddae29433:   8d 05 af e9 1d 00 49 3b de 40 0f b6 ed 41 0f 44
0x00007ffddae29443:   ed 48 3b c8 74 05 e8 82 d7 8a ff 48 8b cb c7 03
0x00007ffddae29453:   ef be ad de e8 74 d7 8a ff 44 38 25 42 a5 39 00
0x00007ffddae29463:   74 12 48 ff 05 5c 0e 3d 00 ff 0d 72 0e 3d 00 eb
0x00007ffddae29473:   03 48 8b f3 48 8b df 48 85 ff 0f 85 fd fe ff ff
0x00007ffddae29483:   4c 8b 6c 24 38 40 84 ed 75 20 4c 39 25 a4 0e 3d
0x00007ffddae29493:   00 74 17 e8 45 6e e8 ff 48 8b d0 48 8d 0d cb eb
0x00007ffddae294a3:   1d 00 4d 8b c6 e8 03 f4 ff ff 4c 8b 64 24 40 48
0x00007ffddae294b3:   8d 05 e7 e9 1d 00 48 89 44 24 60 48 8b 05 03 5b
0x00007ffddae294c3:   34 00 48 8b 58 10 8b 40 04 48 8d 3c c3 48 3b df
0x00007ffddae294d3:   74 23 66 66 66 0f 1f 84 00 00 00 00 00 48 8b 44
0x00007ffddae294e3:   24 60 48 8d 4c 24 60 48 8b 13 ff 10 48 83 c3 08
0x00007ffddae294f3:   48 3b df 75 e8 48 8d 4c 24 60 e8 1e 9d ff ff 4d
0x00007ffddae29503:   85 ff 74 53 49 8b 37 48 85 f6 74 43 48 8d ae 38
0x00007ffddae29513:   20 00 00 48 8b fe 48 3b f5 73 2c 66 90 48 8b 1f
0x00007ffddae29523:   48 85 db 74 19 0f 1f 84 00 00 00 00 00 48 8b cb
0x00007ffddae29533:   48 8b 5b 18 e8 94 d6 8a ff 48 85 db 75 ef 48 83
0x00007ffddae29543:   c7 08 48 3b fd 72 d6 48 8b ce e8 7e d6 8a ff 49
0x00007ffddae29553:   8b cf e8 76 d6 8a ff 48 8b 7c 24 48 48 8b 74 24
0x00007ffddae29563:   78 48 8b 6c 24 70 48 8b 5c 24 68 4c 8b 7c 24 30
0x00007ffddae29573:   48 83 c4 50 41 5e c3 cc cc cc cc cc cc 44 69 d2
0x00007ffddae29583:   b1 79 37 9e b8 57 85 21 7f 4c 8b da 41 f7 e2 45
0x00007ffddae29593:   8b c2 c1 ea 09 69 c2 07 04 00 00 44 2b c0 48 8b
0x00007ffddae295a3:   01 4a 8d 0c c0 4a 8b 04 c0 48 85 c0 74 18 44 39
0x00007ffddae295b3:   10 75 06 4c 3b 58 08 74 0d 48 8d 48 18 48 8b 40
0x00007ffddae295c3:   18 48 85 c0 75 e8 48 8b 01 33 d2 48 85 c0 48 8d
0x00007ffddae295d3:   48 10 48 0f 44 ca 48 85 c9 74 08 83 39 01 75 03
0x00007ffddae295e3:   b0 01 c3 32 c0 c3 cc cc cc cc cc cc cc 48 85 d2
0x00007ffddae295f3:   74 1e 44 8b 49 04 45 33 c0 45 85 c9 74 12 48 8b
0x00007ffddae29603:   49 10 4a 39 14 c1 74 0b 41 ff c0 45 3b c1 72 f2
0x00007ffddae29613:   32 c0 c3 b0 01 c3 cc cc cc cc cc cc cc 48 81 ec
0x00007ffddae29623:   d8 00 00 00 48 8b 05 5a f5 35 00 48 33 c4 48 89 


Stack slot to memory mapping:
stack at sp + 0 slots: 0x0000028e2baab9b8 points into unknown readable memory: 0x0000028e2baadf90 | 90 df aa 2b 8e 02 00 00
stack at sp + 1 slots: 0x0000028e2baadf90 is a thread
stack at sp + 2 slots: 0x0000028e2ba9fe00 points into unknown readable memory: 0x00000000000a000a | 0a 00 0a 00 00 00 00 00
stack at sp + 3 slots: 0x00007ffddac87b93 jvm.dll
stack at sp + 4 slots: 0x00007ffddb007e18 jvm.dll
stack at sp + 5 slots: 0x0000028e113c47b0 points into unknown readable memory: 0x0000028e2bac5aa0 | a0 5a ac 2b 8e 02 00 00
stack at sp + 6 slots: 0x00007ffddac749d0 jvm.dll
stack at sp + 7 slots: 0x0000028e0f1b5b50 points into unknown readable memory: 0x65746e692e6d6f63 | 63 6f 6d 2e 69 6e 74 65


---------------  P R O C E S S  ---------------

Threads class SMR info:
_java_thread_list=0x0000028e2b912690, length=6, elements={
0x0000028e113ac430, 0x0000028e2ba93020, 0x0000028e2ba93ea0, 0x0000028e2b922ae0,
0x0000028e2b9233b0, 0x0000028e2baadf90
}

Java Threads: ( => current thread )
=>0x0000028e113ac430 JavaThread "main" [_thread_in_vm, id=21392, stack(0x000000af38f00000,0x000000af39000000)]
  0x0000028e2ba93020 JavaThread "Reference Handler" daemon [_thread_blocked, id=4492, stack(0x000000af39600000,0x000000af39700000)]
  0x0000028e2ba93ea0 JavaThread "Finalizer" daemon [_thread_blocked, id=21352, stack(0x000000af39700000,0x000000af39800000)]
  0x0000028e2b922ae0 JavaThread "Signal Dispatcher" daemon [_thread_blocked, id=9224, stack(0x000000af39800000,0x000000af39900000)]
  0x0000028e2b9233b0 JavaThread "Attach Listener" daemon [_thread_blocked, id=16244, stack(0x000000af39900000,0x000000af39a00000)]
  0x0000028e2baadf90 JavaThread "Service Thread" daemon [_thread_new, id=17480, stack(0x0000000000000000,0x0000000000000000)]

Other Threads:
  0x0000028e2ba7e1a0 VMThread "VM Thread" [stack: 0x000000af39500000,0x000000af39600000] [id=18084]
  0x0000028e1140a9d0 GCTaskThread "GC Thread#0" [stack: 0x000000af39000000,0x000000af39100000] [id=21464]
  0x0000028e1141b920 ConcurrentGCThread "G1 Main Marker" [stack: 0x000000af39100000,0x000000af39200000] [id=20564]
  0x0000028e1141cae0 ConcurrentGCThread "G1 Conc#0" [stack: 0x000000af39200000,0x000000af39300000] [id=17992]
  0x0000028e2b780540 ConcurrentGCThread "G1 Refine#0" [stack: 0x000000af39300000,0x000000af39400000] [id=18560]
  0x0000028e2b780f70 ConcurrentGCThread "G1 Service" [stack: 0x000000af39400000,0x000000af39500000] [id=14332]

Threads with active compile tasks:

VM state: not at safepoint (normal execution)

VM Mutex/Monitor currently owned by a thread:  ([mutex/lock_event])
[0x0000028e113a7210] Threads_lock - owner thread: 0x0000028e113ac430

Heap address: 0x0000000080000000, size: 2048 MB, Compressed Oops mode: 32-bit

CDS archive(s) not mapped
Compressed class space mapped at: 0x0000000100000000-0x0000000140000000, reserved size: 1073741824
Narrow klass base: 0x0000000000000000, Narrow klass shift: 3, Narrow klass range: 0x140000000

GC Precious Log:
 CPUs: 12 total, 12 available
 Memory: 16235M
 Large Page Support: Disabled
 NUMA Support: Disabled
 Compressed Oops: Enabled (32-bit)
 Heap Region Size: 1M
 Heap Min Capacity: 128M
 Heap Initial Capacity: 128M
 Heap Max Capacity: 2G
 Pre-touch: Disabled
 Parallel Workers: 10
 Concurrent Workers: 3
 Concurrent Refinement Workers: 10
 Periodic GC: Disabled

Heap:
 garbage-first heap   total 131072K, used 0K [0x0000000080000000, 0x0000000100000000)
  region size 1024K, 1 young (1024K), 0 survivors (0K)
 Metaspace       used 2805K, committed 2880K, reserved 1114112K
  class space    used 220K, committed 256K, reserved 1048576K

Heap Regions: E=young(eden), S=young(survivor), O=old, HS=humongous(starts), HC=humongous(continues), CS=collection set, F=free, OA=open archive, CA=closed archive, TAMS=top-at-mark-start (previous, next)
|   0|0x0000000080000000, 0x0000000080000000, 0x0000000080100000|  0%| F|  |TAMS 0x0000000080000000, 0x0000000080000000| Untracked 
|   1|0x0000000080100000, 0x0000000080100000, 0x0000000080200000|  0%| F|  |TAMS 0x0000000080100000, 0x0000000080100000| Untracked 
|   2|0x0000000080200000, 0x0000000080200000, 0x0000000080300000|  0%| F|  |TAMS 0x0000000080200000, 0x0000000080200000| Untracked 
|   3|0x0000000080300000, 0x0000000080300000, 0x0000000080400000|  0%| F|  |TAMS 0x0000000080300000, 0x0000000080300000| Untracked 
|   4|0x0000000080400000, 0x0000000080400000, 0x0000000080500000|  0%| F|  |TAMS 0x0000000080400000, 0x0000000080400000| Untracked 
|   5|0x0000000080500000, 0x0000000080500000, 0x0000000080600000|  0%| F|  |TAMS 0x0000000080500000, 0x0000000080500000| Untracked 
|   6|0x0000000080600000, 0x0000000080600000, 0x0000000080700000|  0%| F|  |TAMS 0x0000000080600000, 0x0000000080600000| Untracked 
|   7|0x0000000080700000, 0x0000000080700000, 0x0000000080800000|  0%| F|  |TAMS 0x0000000080700000, 0x0000000080700000| Untracked 
|   8|0x0000000080800000, 0x0000000080800000, 0x0000000080900000|  0%| F|  |TAMS 0x0000000080800000, 0x0000000080800000| Untracked 
|   9|0x0000000080900000, 0x0000000080900000, 0x0000000080a00000|  0%| F|  |TAMS 0x0000000080900000, 0x0000000080900000| Untracked 
|  10|0x0000000080a00000, 0x0000000080a00000, 0x0000000080b00000|  0%| F|  |TAMS 0x0000000080a00000, 0x0000000080a00000| Untracked 
|  11|0x0000000080b00000, 0x0000000080b00000, 0x0000000080c00000|  0%| F|  |TAMS 0x0000000080b00000, 0x0000000080b00000| Untracked 
|  12|0x0000000080c00000, 0x0000000080c00000, 0x0000000080d00000|  0%| F|  |TAMS 0x0000000080c00000, 0x0000000080c00000| Untracked 
|  13|0x0000000080d00000, 0x0000000080d00000, 0x0000000080e00000|  0%| F|  |TAMS 0x0000000080d00000, 0x0000000080d00000| Untracked 
|  14|0x0000000080e00000, 0x0000000080e00000, 0x0000000080f00000|  0%| F|  |TAMS 0x0000000080e00000, 0x0000000080e00000| Untracked 
|  15|0x0000000080f00000, 0x0000000080f00000, 0x0000000081000000|  0%| F|  |TAMS 0x0000000080f00000, 0x0000000080f00000| Untracked 
|  16|0x0000000081000000, 0x0000000081000000, 0x0000000081100000|  0%| F|  |TAMS 0x0000000081000000, 0x0000000081000000| Untracked 
|  17|0x0000000081100000, 0x0000000081100000, 0x0000000081200000|  0%| F|  |TAMS 0x0000000081100000, 0x0000000081100000| Untracked 
|  18|0x0000000081200000, 0x0000000081200000, 0x0000000081300000|  0%| F|  |TAMS 0x0000000081200000, 0x0000000081200000| Untracked 
|  19|0x0000000081300000, 0x0000000081300000, 0x0000000081400000|  0%| F|  |TAMS 0x0000000081300000, 0x0000000081300000| Untracked 
|  20|0x0000000081400000, 0x0000000081400000, 0x0000000081500000|  0%| F|  |TAMS 0x0000000081400000, 0x0000000081400000| Untracked 
|  21|0x0000000081500000, 0x0000000081500000, 0x0000000081600000|  0%| F|  |TAMS 0x0000000081500000, 0x0000000081500000| Untracked 
|  22|0x0000000081600000, 0x0000000081600000, 0x0000000081700000|  0%| F|  |TAMS 0x0000000081600000, 0x0000000081600000| Untracked 
|  23|0x0000000081700000, 0x0000000081700000, 0x0000000081800000|  0%| F|  |TAMS 0x0000000081700000, 0x0000000081700000| Untracked 
|  24|0x0000000081800000, 0x0000000081800000, 0x0000000081900000|  0%| F|  |TAMS 0x0000000081800000, 0x0000000081800000| Untracked 
|  25|0x0000000081900000, 0x0000000081900000, 0x0000000081a00000|  0%| F|  |TAMS 0x0000000081900000, 0x0000000081900000| Untracked 
|  26|0x0000000081a00000, 0x0000000081a00000, 0x0000000081b00000|  0%| F|  |TAMS 0x0000000081a00000, 0x0000000081a00000| Untracked 
|  27|0x0000000081b00000, 0x0000000081b00000, 0x0000000081c00000|  0%| F|  |TAMS 0x0000000081b00000, 0x0000000081b00000| Untracked 
|  28|0x0000000081c00000, 0x0000000081c00000, 0x0000000081d00000|  0%| F|  |TAMS 0x0000000081c00000, 0x0000000081c00000| Untracked 
|  29|0x0000000081d00000, 0x0000000081d00000, 0x0000000081e00000|  0%| F|  |TAMS 0x0000000081d00000, 0x0000000081d00000| Untracked 
|  30|0x0000000081e00000, 0x0000000081e00000, 0x0000000081f00000|  0%| F|  |TAMS 0x0000000081e00000, 0x0000000081e00000| Untracked 
|  31|0x0000000081f00000, 0x0000000081f00000, 0x0000000082000000|  0%| F|  |TAMS 0x0000000081f00000, 0x0000000081f00000| Untracked 
|  32|0x0000000082000000, 0x0000000082000000, 0x0000000082100000|  0%| F|  |TAMS 0x0000000082000000, 0x0000000082000000| Untracked 
|  33|0x0000000082100000, 0x0000000082100000, 0x0000000082200000|  0%| F|  |TAMS 0x0000000082100000, 0x0000000082100000| Untracked 
|  34|0x0000000082200000, 0x0000000082200000, 0x0000000082300000|  0%| F|  |TAMS 0x0000000082200000, 0x0000000082200000| Untracked 
|  35|0x0000000082300000, 0x0000000082300000, 0x0000000082400000|  0%| F|  |TAMS 0x0000000082300000, 0x0000000082300000| Untracked 
|  36|0x0000000082400000, 0x0000000082400000, 0x0000000082500000|  0%| F|  |TAMS 0x0000000082400000, 0x0000000082400000| Untracked 
|  37|0x0000000082500000, 0x0000000082500000, 0x0000000082600000|  0%| F|  |TAMS 0x0000000082500000, 0x0000000082500000| Untracked 
|  38|0x0000000082600000, 0x0000000082600000, 0x0000000082700000|  0%| F|  |TAMS 0x0000000082600000, 0x0000000082600000| Untracked 
|  39|0x0000000082700000, 0x0000000082700000, 0x0000000082800000|  0%| F|  |TAMS 0x0000000082700000, 0x0000000082700000| Untracked 
|  40|0x0000000082800000, 0x0000000082800000, 0x0000000082900000|  0%| F|  |TAMS 0x0000000082800000, 0x0000000082800000| Untracked 
|  41|0x0000000082900000, 0x0000000082900000, 0x0000000082a00000|  0%| F|  |TAMS 0x0000000082900000, 0x0000000082900000| Untracked 
|  42|0x0000000082a00000, 0x0000000082a00000, 0x0000000082b00000|  0%| F|  |TAMS 0x0000000082a00000, 0x0000000082a00000| Untracked 
|  43|0x0000000082b00000, 0x0000000082b00000, 0x0000000082c00000|  0%| F|  |TAMS 0x0000000082b00000, 0x0000000082b00000| Untracked 
|  44|0x0000000082c00000, 0x0000000082c00000, 0x0000000082d00000|  0%| F|  |TAMS 0x0000000082c00000, 0x0000000082c00000| Untracked 
|  45|0x0000000082d00000, 0x0000000082d00000, 0x0000000082e00000|  0%| F|  |TAMS 0x0000000082d00000, 0x0000000082d00000| Untracked 
|  46|0x0000000082e00000, 0x0000000082e00000, 0x0000000082f00000|  0%| F|  |TAMS 0x0000000082e00000, 0x0000000082e00000| Untracked 
|  47|0x0000000082f00000, 0x0000000082f00000, 0x0000000083000000|  0%| F|  |TAMS 0x0000000082f00000, 0x0000000082f00000| Untracked 
|  48|0x0000000083000000, 0x0000000083000000, 0x0000000083100000|  0%| F|  |TAMS 0x0000000083000000, 0x0000000083000000| Untracked 
|  49|0x0000000083100000, 0x0000000083100000, 0x0000000083200000|  0%| F|  |TAMS 0x0000000083100000, 0x0000000083100000| Untracked 
|  50|0x0000000083200000, 0x0000000083200000, 0x0000000083300000|  0%| F|  |TAMS 0x0000000083200000, 0x0000000083200000| Untracked 
|  51|0x0000000083300000, 0x0000000083300000, 0x0000000083400000|  0%| F|  |TAMS 0x0000000083300000, 0x0000000083300000| Untracked 
|  52|0x0000000083400000, 0x0000000083400000, 0x0000000083500000|  0%| F|  |TAMS 0x0000000083400000, 0x0000000083400000| Untracked 
|  53|0x0000000083500000, 0x0000000083500000, 0x0000000083600000|  0%| F|  |TAMS 0x0000000083500000, 0x0000000083500000| Untracked 
|  54|0x0000000083600000, 0x0000000083600000, 0x0000000083700000|  0%| F|  |TAMS 0x0000000083600000, 0x0000000083600000| Untracked 
|  55|0x0000000083700000, 0x0000000083700000, 0x0000000083800000|  0%| F|  |TAMS 0x0000000083700000, 0x0000000083700000| Untracked 
|  56|0x0000000083800000, 0x0000000083800000, 0x0000000083900000|  0%| F|  |TAMS 0x0000000083800000, 0x0000000083800000| Untracked 
|  57|0x0000000083900000, 0x0000000083900000, 0x0000000083a00000|  0%| F|  |TAMS 0x0000000083900000, 0x0000000083900000| Untracked 
|  58|0x0000000083a00000, 0x0000000083a00000, 0x0000000083b00000|  0%| F|  |TAMS 0x0000000083a00000, 0x0000000083a00000| Untracked 
|  59|0x0000000083b00000, 0x0000000083b00000, 0x0000000083c00000|  0%| F|  |TAMS 0x0000000083b00000, 0x0000000083b00000| Untracked 
|  60|0x0000000083c00000, 0x0000000083c00000, 0x0000000083d00000|  0%| F|  |TAMS 0x0000000083c00000, 0x0000000083c00000| Untracked 
|  61|0x0000000083d00000, 0x0000000083d00000, 0x0000000083e00000|  0%| F|  |TAMS 0x0000000083d00000, 0x0000000083d00000| Untracked 
|  62|0x0000000083e00000, 0x0000000083e00000, 0x0000000083f00000|  0%| F|  |TAMS 0x0000000083e00000, 0x0000000083e00000| Untracked 
|  63|0x0000000083f00000, 0x0000000083f00000, 0x0000000084000000|  0%| F|  |TAMS 0x0000000083f00000, 0x0000000083f00000| Untracked 
|  64|0x0000000084000000, 0x0000000084000000, 0x0000000084100000|  0%| F|  |TAMS 0x0000000084000000, 0x0000000084000000| Untracked 
|  65|0x0000000084100000, 0x0000000084100000, 0x0000000084200000|  0%| F|  |TAMS 0x0000000084100000, 0x0000000084100000| Untracked 
|  66|0x0000000084200000, 0x0000000084200000, 0x0000000084300000|  0%| F|  |TAMS 0x0000000084200000, 0x0000000084200000| Untracked 
|  67|0x0000000084300000, 0x0000000084300000, 0x0000000084400000|  0%| F|  |TAMS 0x0000000084300000, 0x0000000084300000| Untracked 
|  68|0x0000000084400000, 0x0000000084400000, 0x0000000084500000|  0%| F|  |TAMS 0x0000000084400000, 0x0000000084400000| Untracked 
|  69|0x0000000084500000, 0x0000000084500000, 0x0000000084600000|  0%| F|  |TAMS 0x0000000084500000, 0x0000000084500000| Untracked 
|  70|0x0000000084600000, 0x0000000084600000, 0x0000000084700000|  0%| F|  |TAMS 0x0000000084600000, 0x0000000084600000| Untracked 
|  71|0x0000000084700000, 0x0000000084700000, 0x0000000084800000|  0%| F|  |TAMS 0x0000000084700000, 0x0000000084700000| Untracked 
|  72|0x0000000084800000, 0x0000000084800000, 0x0000000084900000|  0%| F|  |TAMS 0x0000000084800000, 0x0000000084800000| Untracked 
|  73|0x0000000084900000, 0x0000000084900000, 0x0000000084a00000|  0%| F|  |TAMS 0x0000000084900000, 0x0000000084900000| Untracked 
|  74|0x0000000084a00000, 0x0000000084a00000, 0x0000000084b00000|  0%| F|  |TAMS 0x0000000084a00000, 0x0000000084a00000| Untracked 
|  75|0x0000000084b00000, 0x0000000084b00000, 0x0000000084c00000|  0%| F|  |TAMS 0x0000000084b00000, 0x0000000084b00000| Untracked 
|  76|0x0000000084c00000, 0x0000000084c00000, 0x0000000084d00000|  0%| F|  |TAMS 0x0000000084c00000, 0x0000000084c00000| Untracked 
|  77|0x0000000084d00000, 0x0000000084d00000, 0x0000000084e00000|  0%| F|  |TAMS 0x0000000084d00000, 0x0000000084d00000| Untracked 
|  78|0x0000000084e00000, 0x0000000084e00000, 0x0000000084f00000|  0%| F|  |TAMS 0x0000000084e00000, 0x0000000084e00000| Untracked 
|  79|0x0000000084f00000, 0x0000000084f00000, 0x0000000085000000|  0%| F|  |TAMS 0x0000000084f00000, 0x0000000084f00000| Untracked 
|  80|0x0000000085000000, 0x0000000085000000, 0x0000000085100000|  0%| F|  |TAMS 0x0000000085000000, 0x0000000085000000| Untracked 
|  81|0x0000000085100000, 0x0000000085100000, 0x0000000085200000|  0%| F|  |TAMS 0x0000000085100000, 0x0000000085100000| Untracked 
|  82|0x0000000085200000, 0x0000000085200000, 0x0000000085300000|  0%| F|  |TAMS 0x0000000085200000, 0x0000000085200000| Untracked 
|  83|0x0000000085300000, 0x0000000085300000, 0x0000000085400000|  0%| F|  |TAMS 0x0000000085300000, 0x0000000085300000| Untracked 
|  84|0x0000000085400000, 0x0000000085400000, 0x0000000085500000|  0%| F|  |TAMS 0x0000000085400000, 0x0000000085400000| Untracked 
|  85|0x0000000085500000, 0x0000000085500000, 0x0000000085600000|  0%| F|  |TAMS 0x0000000085500000, 0x0000000085500000| Untracked 
|  86|0x0000000085600000, 0x0000000085600000, 0x0000000085700000|  0%| F|  |TAMS 0x0000000085600000, 0x0000000085600000| Untracked 
|  87|0x0000000085700000, 0x0000000085700000, 0x0000000085800000|  0%| F|  |TAMS 0x0000000085700000, 0x0000000085700000| Untracked 
|  88|0x0000000085800000, 0x0000000085800000, 0x0000000085900000|  0%| F|  |TAMS 0x0000000085800000, 0x0000000085800000| Untracked 
|  89|0x0000000085900000, 0x0000000085900000, 0x0000000085a00000|  0%| F|  |TAMS 0x0000000085900000, 0x0000000085900000| Untracked 
|  90|0x0000000085a00000, 0x0000000085a00000, 0x0000000085b00000|  0%| F|  |TAMS 0x0000000085a00000, 0x0000000085a00000| Untracked 
|  91|0x0000000085b00000, 0x0000000085b00000, 0x0000000085c00000|  0%| F|  |TAMS 0x0000000085b00000, 0x0000000085b00000| Untracked 
|  92|0x0000000085c00000, 0x0000000085c00000, 0x0000000085d00000|  0%| F|  |TAMS 0x0000000085c00000, 0x0000000085c00000| Untracked 
|  93|0x0000000085d00000, 0x0000000085d00000, 0x0000000085e00000|  0%| F|  |TAMS 0x0000000085d00000, 0x0000000085d00000| Untracked 
|  94|0x0000000085e00000, 0x0000000085e00000, 0x0000000085f00000|  0%| F|  |TAMS 0x0000000085e00000, 0x0000000085e00000| Untracked 
|  95|0x0000000085f00000, 0x0000000085f00000, 0x0000000086000000|  0%| F|  |TAMS 0x0000000085f00000, 0x0000000085f00000| Untracked 
|  96|0x0000000086000000, 0x0000000086000000, 0x0000000086100000|  0%| F|  |TAMS 0x0000000086000000, 0x0000000086000000| Untracked 
|  97|0x0000000086100000, 0x0000000086100000, 0x0000000086200000|  0%| F|  |TAMS 0x0000000086100000, 0x0000000086100000| Untracked 
|  98|0x0000000086200000, 0x0000000086200000, 0x0000000086300000|  0%| F|  |TAMS 0x0000000086200000, 0x0000000086200000| Untracked 
|  99|0x0000000086300000, 0x0000000086300000, 0x0000000086400000|  0%| F|  |TAMS 0x0000000086300000, 0x0000000086300000| Untracked 
| 100|0x0000000086400000, 0x0000000086400000, 0x0000000086500000|  0%| F|  |TAMS 0x0000000086400000, 0x0000000086400000| Untracked 
| 101|0x0000000086500000, 0x0000000086500000, 0x0000000086600000|  0%| F|  |TAMS 0x0000000086500000, 0x0000000086500000| Untracked 
| 102|0x0000000086600000, 0x0000000086600000, 0x0000000086700000|  0%| F|  |TAMS 0x0000000086600000, 0x0000000086600000| Untracked 
| 103|0x0000000086700000, 0x0000000086700000, 0x0000000086800000|  0%| F|  |TAMS 0x0000000086700000, 0x0000000086700000| Untracked 
| 104|0x0000000086800000, 0x0000000086800000, 0x0000000086900000|  0%| F|  |TAMS 0x0000000086800000, 0x0000000086800000| Untracked 
| 105|0x0000000086900000, 0x0000000086900000, 0x0000000086a00000|  0%| F|  |TAMS 0x0000000086900000, 0x0000000086900000| Untracked 
| 106|0x0000000086a00000, 0x0000000086a00000, 0x0000000086b00000|  0%| F|  |TAMS 0x0000000086a00000, 0x0000000086a00000| Untracked 
| 107|0x0000000086b00000, 0x0000000086b00000, 0x0000000086c00000|  0%| F|  |TAMS 0x0000000086b00000, 0x0000000086b00000| Untracked 
| 108|0x0000000086c00000, 0x0000000086c00000, 0x0000000086d00000|  0%| F|  |TAMS 0x0000000086c00000, 0x0000000086c00000| Untracked 
| 109|0x0000000086d00000, 0x0000000086d00000, 0x0000000086e00000|  0%| F|  |TAMS 0x0000000086d00000, 0x0000000086d00000| Untracked 
| 110|0x0000000086e00000, 0x0000000086e00000, 0x0000000086f00000|  0%| F|  |TAMS 0x0000000086e00000, 0x0000000086e00000| Untracked 
| 111|0x0000000086f00000, 0x0000000086f00000, 0x0000000087000000|  0%| F|  |TAMS 0x0000000086f00000, 0x0000000086f00000| Untracked 
| 112|0x0000000087000000, 0x0000000087000000, 0x0000000087100000|  0%| F|  |TAMS 0x0000000087000000, 0x0000000087000000| Untracked 
| 113|0x0000000087100000, 0x0000000087100000, 0x0000000087200000|  0%| F|  |TAMS 0x0000000087100000, 0x0000000087100000| Untracked 
| 114|0x0000000087200000, 0x0000000087200000, 0x0000000087300000|  0%| F|  |TAMS 0x0000000087200000, 0x0000000087200000| Untracked 
| 115|0x0000000087300000, 0x0000000087300000, 0x0000000087400000|  0%| F|  |TAMS 0x0000000087300000, 0x0000000087300000| Untracked 
| 116|0x0000000087400000, 0x0000000087400000, 0x0000000087500000|  0%| F|  |TAMS 0x0000000087400000, 0x0000000087400000| Untracked 
| 117|0x0000000087500000, 0x0000000087500000, 0x0000000087600000|  0%| F|  |TAMS 0x0000000087500000, 0x0000000087500000| Untracked 
| 118|0x0000000087600000, 0x0000000087600000, 0x0000000087700000|  0%| F|  |TAMS 0x0000000087600000, 0x0000000087600000| Untracked 
| 119|0x0000000087700000, 0x0000000087700000, 0x0000000087800000|  0%| F|  |TAMS 0x0000000087700000, 0x0000000087700000| Untracked 
| 120|0x0000000087800000, 0x0000000087800000, 0x0000000087900000|  0%| F|  |TAMS 0x0000000087800000, 0x0000000087800000| Untracked 
| 121|0x0000000087900000, 0x0000000087900000, 0x0000000087a00000|  0%| F|  |TAMS 0x0000000087900000, 0x0000000087900000| Untracked 
| 122|0x0000000087a00000, 0x0000000087a00000, 0x0000000087b00000|  0%| F|  |TAMS 0x0000000087a00000, 0x0000000087a00000| Untracked 
| 123|0x0000000087b00000, 0x0000000087b00000, 0x0000000087c00000|  0%| F|  |TAMS 0x0000000087b00000, 0x0000000087b00000| Untracked 
| 124|0x0000000087c00000, 0x0000000087c00000, 0x0000000087d00000|  0%| F|  |TAMS 0x0000000087c00000, 0x0000000087c00000| Untracked 
| 125|0x0000000087d00000, 0x0000000087d00000, 0x0000000087e00000|  0%| F|  |TAMS 0x0000000087d00000, 0x0000000087d00000| Untracked 
| 126|0x0000000087e00000, 0x0000000087e00000, 0x0000000087f00000|  0%| F|  |TAMS 0x0000000087e00000, 0x0000000087e00000| Untracked 
| 127|0x0000000087f00000, 0x0000000087feb988, 0x0000000088000000| 92%| E|  |TAMS 0x0000000087f00000, 0x0000000087f00000| Complete 

Card table byte_map: [0x0000028e24490000,0x0000028e24890000] _byte_map_base: 0x0000028e24090000

Marking Bits (Prev, Next): (CMBitMap*) 0x0000028e1140aff0, (CMBitMap*) 0x0000028e1140b030
 Prev Bits: [0x0000028e24c90000, 0x0000028e26c90000)
 Next Bits: [0x0000028e26c90000, 0x0000028e28c90000)

Polling page: 0x0000028e0f330000

Metaspace:

Usage:
  Non-class:      2.52 MB used.
      Class:    220.04 KB used.
       Both:      2.74 MB used.

Virtual space:
  Non-class space:       64.00 MB reserved,       2.56 MB (  4%) committed,  1 nodes.
      Class space:        1.00 GB reserved,     256.00 KB ( <1%) committed,  1 nodes.
             Both:        1.06 GB reserved,       2.81 MB ( <1%) committed. 

Chunk freelists:
   Non-Class:  12.00 MB
       Class:  15.75 MB
        Both:  27.75 MB

MaxMetaspaceSize: unlimited
CompressedClassSpaceSize: 1.00 GB
Initial GC threshold: 21.00 MB
Current GC threshold: 21.00 MB
CDS: off
MetaspaceReclaimPolicy: balanced
 - commit_granule_bytes: 65536.
 - commit_granule_words: 8192.
 - virtual_space_node_default_size: 8388608.
 - enlarge_chunks_in_place: 1.
 - new_chunks_are_fully_committed: 0.
 - uncommit_free_chunks: 1.
 - use_allocation_guard: 0.
 - handle_deallocations: 1.


Internal statistics:

num_allocs_failed_limit: 0.
num_arena_births: 2.
num_arena_deaths: 0.
num_vsnodes_births: 2.
num_vsnodes_deaths: 0.
num_space_committed: 45.
num_space_uncommitted: 0.
num_chunks_returned_to_freelist: 0.
num_chunks_taken_from_freelist: 3.
num_chunk_merges: 0.
num_chunk_splits: 2.
num_chunks_enlarged: 0.
num_inconsistent_stats: 0.

CodeHeap 'non-profiled nmethods': size=120000Kb used=0Kb max_used=0Kb free=120000Kb
 bounds [0x0000028e1c600000, 0x0000028e1c870000, 0x0000028e23b30000]
CodeHeap 'profiled nmethods': size=120000Kb used=0Kb max_used=0Kb free=120000Kb
 bounds [0x0000028e14b30000, 0x0000028e14da0000, 0x0000028e1c060000]
CodeHeap 'non-nmethods': size=5760Kb used=411Kb max_used=411Kb free=5349Kb
 bounds [0x0000028e1c060000, 0x0000028e1c2d0000, 0x0000028e1c600000]
 total_blobs=213 nmethods=0 adapters=178
 compilation: enabled
              stopped_count=0, restarted_count=0
 full_count=0

Compilation events (0 events):
No events

GC Heap History (0 events):
No events

Dll operation events (1 events):
Event: 0.010 Loaded shared library C:\Program Files\JetBrains\IntelliJ IDEA 2024.1\jbr\bin\java.dll

Deoptimization events (0 events):
No events

Classes unloaded (0 events):
No events

Classes redefined (0 events):
No events

Internal exceptions (0 events):
No events

VM Operations (0 events):
No events

Events (20 events):
Event: 0.089 loading class java/util/Hashtable$Entry
Event: 0.089 loading class java/util/Hashtable$Entry done
Event: 0.089 loading class jdk/internal/misc/Signal$NativeHandler
Event: 0.089 loading class jdk/internal/misc/Signal$NativeHandler done
Event: 0.089 loading class jdk/internal/misc/OSEnvironment
Event: 0.089 loading class jdk/internal/misc/OSEnvironment done
Event: 0.089 loading class sun/io/Win32ErrorMode
Event: 0.089 loading class sun/io/Win32ErrorMode done
Event: 0.089 loading class java/util/Collections
Event: 0.090 loading class java/util/Collections done
Event: 0.090 loading class java/util/Collections$EmptySet
Event: 0.090 loading class java/util/Collections$EmptySet done
Event: 0.090 loading class java/util/Collections$EmptyList
Event: 0.090 loading class java/util/Collections$EmptyList done
Event: 0.090 loading class java/util/Collections$EmptyMap
Event: 0.091 loading class java/util/Collections$EmptyMap done
Event: 0.091 loading class java/lang/IllegalArgumentException
Event: 0.091 loading class java/lang/IllegalArgumentException done
Event: 0.091 Thread 0x0000028e2b922ae0 Thread added: 0x0000028e2b922ae0
Event: 0.091 Thread 0x0000028e2b9233b0 Thread added: 0x0000028e2b9233b0


Dynamic libraries:
0x00007ff73a330000 - 0x00007ff73a33a000 	C:\Program Files\JetBrains\IntelliJ IDEA 2024.1\jbr\bin\java.exe
0x00007ffe6bd30000 - 0x00007ffe6bf47000 	C:\WINDOWS\SYSTEM32\ntdll.dll
0x00007ffe6a640000 - 0x00007ffe6a704000 	C:\WINDOWS\System32\KERNEL32.DLL
0x00007ffe69430000 - 0x00007ffe697dd000 	C:\WINDOWS\System32\KERNELBASE.dll
0x00007ffe691a0000 - 0x00007ffe692b1000 	C:\WINDOWS\System32\ucrtbase.dll
0x00007ffe56e30000 - 0x00007ffe56e47000 	C:\Program Files\JetBrains\IntelliJ IDEA 2024.1\jbr\bin\jli.dll
0x00007ffe6a270000 - 0x00007ffe6a41e000 	C:\WINDOWS\System32\USER32.dll
0x00007ffe69900000 - 0x00007ffe69926000 	C:\WINDOWS\System32\win32u.dll
0x00007ffe6a610000 - 0x00007ffe6a639000 	C:\WINDOWS\System32\GDI32.dll
0x00007ffe697e0000 - 0x00007ffe698f9000 	C:\WINDOWS\System32\gdi32full.dll
0x00007ffe690d0000 - 0x00007ffe6916a000 	C:\WINDOWS\System32\msvcp_win.dll
0x00007ffe55020000 - 0x00007ffe552b3000 	C:\WINDOWS\WinSxS\amd64_microsoft.windows.common-controls_6595b64144ccf1df_6.0.22621.3672_none_2713b9d173822955\COMCTL32.dll
0x00007ffe6a190000 - 0x00007ffe6a237000 	C:\WINDOWS\System32\msvcrt.dll
0x00007ffe64610000 - 0x00007ffe6462b000 	C:\Program Files\JetBrains\IntelliJ IDEA 2024.1\jbr\bin\VCRUNTIME140.dll
0x00007ffe6a0e0000 - 0x00007ffe6a111000 	C:\WINDOWS\System32\IMM32.DLL
0x00007ffe64640000 - 0x00007ffe6464c000 	C:\Program Files\JetBrains\IntelliJ IDEA 2024.1\jbr\bin\vcruntime140_1.dll
0x00007ffe443c0000 - 0x00007ffe4444d000 	C:\Program Files\JetBrains\IntelliJ IDEA 2024.1\jbr\bin\msvcp140.dll
0x00007ffdda630000 - 0x00007ffddb2b3000 	C:\Program Files\JetBrains\IntelliJ IDEA 2024.1\jbr\bin\server\jvm.dll
0x00007ffe69c00000 - 0x00007ffe69cb2000 	C:\WINDOWS\System32\ADVAPI32.dll
0x00007ffe69b50000 - 0x00007ffe69bf9000 	C:\WINDOWS\System32\sechost.dll
0x00007ffe69170000 - 0x00007ffe69198000 	C:\WINDOWS\System32\bcrypt.dll
0x00007ffe6a710000 - 0x00007ffe6a824000 	C:\WINDOWS\System32\RPCRT4.dll
0x00007ffe68820000 - 0x00007ffe6886d000 	C:\WINDOWS\SYSTEM32\POWRPROF.dll
0x00007ffe4d160000 - 0x00007ffe4d169000 	C:\WINDOWS\SYSTEM32\WSOCK32.dll
0x00007ffe61e90000 - 0x00007ffe61ec4000 	C:\WINDOWS\SYSTEM32\WINMM.dll
0x00007ffe62160000 - 0x00007ffe6216a000 	C:\WINDOWS\SYSTEM32\VERSION.dll
0x00007ffe6a590000 - 0x00007ffe6a601000 	C:\WINDOWS\System32\WS2_32.dll
0x00007ffe687d0000 - 0x00007ffe687e3000 	C:\WINDOWS\SYSTEM32\UMPDC.dll
0x00007ffe68060000 - 0x00007ffe68078000 	C:\WINDOWS\SYSTEM32\kernel.appcore.dll
0x00007ffe64a80000 - 0x00007ffe64a8a000 	C:\Program Files\JetBrains\IntelliJ IDEA 2024.1\jbr\bin\jimage.dll
0x00007ffe55600000 - 0x00007ffe55832000 	C:\WINDOWS\SYSTEM32\DBGHELP.DLL
0x00007ffe6a9f0000 - 0x00007ffe6ad7e000 	C:\WINDOWS\System32\combase.dll
0x00007ffe69cc0000 - 0x00007ffe69d97000 	C:\WINDOWS\System32\OLEAUT32.dll
0x00007ffe40be0000 - 0x00007ffe40c12000 	C:\WINDOWS\SYSTEM32\dbgcore.DLL
0x00007ffe69050000 - 0x00007ffe690cb000 	C:\WINDOWS\System32\bcryptPrimitives.dll
0x00007ffe61cc0000 - 0x00007ffe61ce5000 	C:\Program Files\JetBrains\IntelliJ IDEA 2024.1\jbr\bin\java.dll
0x00007ffe60b10000 - 0x00007ffe60b28000 	C:\Program Files\JetBrains\IntelliJ IDEA 2024.1\jbr\bin\zip.dll
0x00007ffe6b220000 - 0x00007ffe6ba87000 	C:\WINDOWS\System32\SHELL32.dll
0x00007ffe66f80000 - 0x00007ffe6787f000 	C:\WINDOWS\SYSTEM32\windows.storage.dll
0x00007ffe66e40000 - 0x00007ffe66f7f000 	C:\WINDOWS\SYSTEM32\wintypes.dll
0x00007ffe69fd0000 - 0x00007ffe6a0c9000 	C:\WINDOWS\System32\SHCORE.dll
0x00007ffe6bc90000 - 0x00007ffe6bcee000 	C:\WINDOWS\System32\shlwapi.dll
0x00007ffe68f80000 - 0x00007ffe68fa7000 	C:\WINDOWS\SYSTEM32\profapi.dll

dbghelp: loaded successfully - version: 4.0.5 - missing functions: none
symbol engine: initialized successfully - sym options: 0x614 - pdb path: .;C:\Program Files\JetBrains\IntelliJ IDEA 2024.1\jbr\bin;C:\WINDOWS\SYSTEM32;C:\WINDOWS\WinSxS\amd64_microsoft.windows.common-controls_6595b64144ccf1df_6.0.22621.3672_none_2713b9d173822955;C:\Program Files\JetBrains\IntelliJ IDEA 2024.1\jbr\bin\server

VM Arguments:
jvm_args: -Djava.rmi.server.hostname=127.0.0.1 -Duser.timezone=UTC -Xmx2048m -Xms128m -Djdbc.classpath=C:\Program Files\JetBrains\IntelliJ IDEA 2024.1\plugins\DatabaseTools\lib\jdbc-console.jar;C:\Users\glebl\AppData\Roaming\JetBrains\IntelliJIdea2024.1\jdbc-drivers\H2\2.2.220\com\h2database\h2\2.2.220\h2-2.2.220.jar --add-exports=java.desktop/sun.awt=ALL-UNNAMED --add-exports=java.desktop/java.awt.peer=ALL-UNNAMED --add-opens=java.desktop/java.awt=ALL-UNNAMED --add-opens=jdk.unsupported/sun.misc=ALL-UNNAMED --add-opens=java.base/java.nio=ALL-UNNAMED --add-opens=java.base/java.util=ALL-UNNAMED -Dfile.encoding=UTF-8 
java_command: com.intellij.database.remote.RemoteJdbcServer org.h2.Driver
java_class_path (initial): C:\Program Files\JetBrains\IntelliJ IDEA 2024.1\lib\util_rt.jar;C:\Program Files\JetBrains\IntelliJ IDEA 2024.1\lib\util-8.jar;C:\Program Files\JetBrains\IntelliJ IDEA 2024.1\lib\groovy.jar;C:\Program Files\JetBrains\IntelliJ IDEA 2024.1\plugins\DatabaseTools\lib\jdbc-console.jar;C:\Program Files\JetBrains\IntelliJ IDEA 2024.1\plugins\grid-core-impl\lib\jdbc-console-types.jar;C:\Program Files\JetBrains\IntelliJ IDEA 2024.1\lib\util.jar
Launcher Type: SUN_STANDARD

[Global flags]
     intx CICompilerCount                          = 4                                         {product} {ergonomic}
     uint ConcGCThreads                            = 3                                         {product} {ergonomic}
     uint G1ConcRefinementThreads                  = 10                                        {product} {ergonomic}
   size_t G1HeapRegionSize                         = 1048576                                   {product} {ergonomic}
    uintx GCDrainStackTargetSize                   = 64                                        {product} {ergonomic}
   size_t InitialHeapSize                          = 134217728                                 {product} {command line}
   size_t MarkStackSize                            = 4194304                                   {product} {ergonomic}
   size_t MaxHeapSize                              = 2147483648                                {product} {command line}
   size_t MaxNewSize                               = 1287651328                                {product} {ergonomic}
   size_t MinHeapDeltaBytes                        = 1048576                                   {product} {ergonomic}
   size_t MinHeapSize                              = 134217728                                 {product} {command line}
    uintx NonNMethodCodeHeapSize                   = 5839372                                {pd product} {ergonomic}
    uintx NonProfiledCodeHeapSize                  = 122909434                              {pd product} {ergonomic}
    uintx ProfiledCodeHeapSize                     = 122909434                              {pd product} {ergonomic}
    uintx ReservedCodeCacheSize                    = 251658240                              {pd product} {ergonomic}
     bool SegmentedCodeCache                       = true                                      {product} {ergonomic}
   size_t SoftMaxHeapSize                          = 2147483648                             {manageable} {ergonomic}
     bool UseCompressedClassPointers               = true                           {product lp64_product} {ergonomic}
     bool UseCompressedOops                        = true                           {product lp64_product} {ergonomic}
     bool UseG1GC                                  = true                                      {product} {ergonomic}
     bool UseLargePagesIndividualAllocation        = false                                  {pd product} {ergonomic}

Logging:
Log output configuration:
 #0: stdout all=warning uptime,level,tags
 #1: stderr all=off uptime,level,tags

Environment Variables:
PATH=C:\OpenJDK JDK 22.0.2\jdk-22.0.2\bin;C:\WINDOWS\system32;C:\WINDOWS;C:\WINDOWS\System32\Wbem;C:\WINDOWS\System32\WindowsPowerShell\v1.0\;C:\WINDOWS\System32\OpenSSH\;C:\Program Files\Git\cmd;C:\OpenJDK JDK 22.0.2\jdk-22.0.2\bin;C:\apache-maven-3.9.8-bin\apache-maven-3.9.8\bin;;C:\Program Files\Docker\Docker\resources\bin;C:\Users\glebl\AppData\Local\Programs\Python\Python312\Scripts\;C:\Users\glebl\AppData\Local\Programs\Python\Python312\;C:\Users\glebl\AppData\Local\Programs\Python\Launcher\;C:\Users\glebl\AppData\Local\Microsoft\WindowsApps;C:\Users\glebl\AppData\Local\Programs\Microsoft VS Code\bin;C:\Program Files\JetBrains\IntelliJ IDEA 2024.2\bin;
USERNAME=glebl
OS=Windows_NT
PROCESSOR_IDENTIFIER=Intel64 Family 6 Model 158 Stepping 10, GenuineIntel
TMP=C:\Users\glebl\AppData\Local\Temp
TEMP=C:\Users\glebl\AppData\Local\Temp



Periodic native trim disabled

JNI global refs:
JNI global refs: 2, weak refs: 0

JNI global refs memory usage: 843, weak refs: 209

Process memory usage:
Resident Set Size: 24180K (0% of 16624868K total physical memory with 4979188K free physical memory)

OOME stack traces (most recent first):
Classloader memory used:
Loader bootstrap                                                                       : 350K


---------------  S Y S T E M  ---------------

OS:
 Windows 11 , 64 bit Build 22621 (10.0.22621.3958)
OS uptime: 0 days 11:16 hours
Hyper-V role detected

CPU: total 12 (initial active 12) (6 cores per cpu, 2 threads per core) family 6 model 158 stepping 10 microcode 0xde, cx8, cmov, fxsr, ht, mmx, 3dnowpref, sse, sse2, sse3, ssse3, sse4.1, sse4.2, popcnt, lzcnt, tsc, tscinvbit, avx, avx2, aes, erms, clmul, bmi1, bmi2, adx, fma, vzeroupper, clflush, clflushopt, hv
Processor Information for all 12 processors :
  Max Mhz: 2592, Current Mhz: 2592, Mhz Limit: 2592

Memory: 4k page, system-wide physical 16235M (4862M free)
TotalPageFile size 18667M (AvailPageFile size 2635M)
current process WorkingSet (physical memory assigned to process): 23M, peak: 23M
current process commit charge ("private bytes"): 203M, peak: 204M

vm_info: OpenJDK 64-Bit Server VM (17.0.11+1-b1207.30) for windows-amd64 JRE (17.0.11+1-b1207.30), built on 2024-07-12 by "builduser" with MS VC++ 16.10 / 16.11 (VS2019)

END.
