#
# A fatal error has been detected by the Java Runtime Environment:
#
#  EXCEPTION_ACCESS_VIOLATION (0xc0000005) at pc=0x00007ffdda776e0b, pid=9888, tid=5812
#
# JRE version: OpenJDK Runtime Environment JBR-17.0.11+1-1207.30-jcef (17.0.11+1) (build 17.0.11+1-b1207.30)
# Java VM: OpenJDK 64-Bit Server VM JBR-17.0.11+1-1207.30-jcef (17.0.11+1-b1207.30, mixed mode, tiered, compressed oops, compressed class ptrs, g1 gc, windows-amd64)
# Problematic frame:
# V  [jvm.dll+0x146e0b]
#
# No core dump will be written. Minidumps are not enabled by default on client versions of Windows
#
# If you would like to submit a bug report, please visit:
#   https://youtrack.jetbrains.com/issues/JBR
#

---------------  S U M M A R Y ------------

Command Line: -Djava.rmi.server.hostname=127.0.0.1 -Duser.timezone=UTC -Xmx2048m -Xms128m -Djdbc.classpath=C:\Program Files\JetBrains\IntelliJ IDEA 2024.1\plugins\DatabaseTools\lib\jdbc-console.jar;C:\Users\glebl\AppData\Roaming\JetBrains\IntelliJIdea2024.1\jdbc-drivers\H2\2.2.220\com\h2database\h2\2.2.220\h2-2.2.220.jar --add-exports=java.desktop/sun.awt=ALL-UNNAMED --add-exports=java.desktop/java.awt.peer=ALL-UNNAMED --add-opens=java.desktop/java.awt=ALL-UNNAMED --add-opens=jdk.unsupported/sun.misc=ALL-UNNAMED --add-opens=java.base/java.nio=ALL-UNNAMED --add-opens=java.base/java.util=ALL-UNNAMED -Dfile.encoding=UTF-8 com.intellij.database.remote.RemoteJdbcServer org.h2.Driver

Host: Intel(R) Core(TM) i7-9750H CPU @ 2.60GHz, 12 cores, 15G,  Windows 11 , 64 bit Build 22621 (10.0.22621.3958)
Time: Sun Sep  8 23:02:23 2024  Windows 11 , 64 bit Build 22621 (10.0.22621.3958) elapsed time: 0.424187 seconds (0d 0h 0m 0s)

---------------  T H R E A D  ---------------

Current thread (0x0000021c8f2bb900):  JavaThread "C1 CompilerThread0" daemon [_thread_in_native, id=5812, stack(0x0000005c15400000,0x0000005c15500000)]


Current CompileTask:
C1:    424  697       3       sun.invoke.util.VerifyAccess::isMemberAccessible (338 bytes)

Stack: [0x0000005c15400000,0x0000005c15500000],  sp=0x0000005c154fe260,  free space=1016k
Native frames: (J=compiled Java code, j=interpreted, Vv=VM code, C=native code)
V  [jvm.dll+0x146e0b]
V  [jvm.dll+0x13ac48]
V  [jvm.dll+0x146728]
V  [jvm.dll+0x1499a9]
V  [jvm.dll+0x1493c5]
V  [jvm.dll+0x140bf8]
V  [jvm.dll+0x1431b5]
V  [jvm.dll+0x141494]
V  [jvm.dll+0x149e9d]
V  [jvm.dll+0x1493c5]
V  [jvm.dll+0x140bf8]
V  [jvm.dll+0x1431b5]
V  [jvm.dll+0x141494]
V  [jvm.dll+0x13b3df]
V  [jvm.dll+0x14b026]
V  [jvm.dll+0x136b70]
V  [jvm.dll+0x136ed0]
V  [jvm.dll+0x137196]
V  [jvm.dll+0x13662a]
V  [jvm.dll+0x1382e1]
V  [jvm.dll+0x22ae8e]
V  [jvm.dll+0x229015]
V  [jvm.dll+0x7f53a7]
V  [jvm.dll+0x7ef7aa]
V  [jvm.dll+0x686675]
C  [ucrtbase.dll+0x29333]
C  [KERNEL32.DLL+0x1257d]
C  [ntdll.dll+0x5af28]


siginfo: EXCEPTION_ACCESS_VIOLATION (0xc0000005), writing address 0x0000000000240e8c


Registers:
RAX=0x000000000000000c, RBX=0x0000021c8f30ac50, RCX=0x00000000000481d0, RDX=0x0000000000000014
RSP=0x0000005c154fe260, RBP=0x0000005c154fe2d9, RSI=0x000000008fa1cda4, RDI=0x0000021c8f30ac40
R8 =0x00000000000000ac, R9 =0x0000000000000014, R10=0x000000000000000f, R11=0x0000021c8f324d50
R12=0x0000000000000014, R13=0x0000005c154fe3d0, R14=0x00000000000000a0, R15=0x0000021c8f30abb0
RIP=0x00007ffdda776e0b, EFLAGS=0x0000000000010216


Register to memory mapping:

RIP=0x00007ffdda776e0b jvm.dll
RAX=0x000000000000000c is an unknown value
RBX=0x0000021c8f30ac50 points into unknown readable memory: 0x00000001000481d1 | d1 81 04 00 01 00 00 00
RCX=0x00000000000481d0 is an unknown value
RDX=0x0000000000000014 is an unknown value
RSP=0x0000005c154fe260 is pointing into the stack for thread: 0x0000021c8f2bb900
RBP=0x0000005c154fe2d9 is pointing into the stack for thread: 0x0000021c8f2bb900
RSI=0x000000008fa1cda4 is an unallocated location in the heap
RDI=0x0000021c8f30ac40 points into unknown readable memory: 0x00007ffddaf6eef0 | f0 ee f6 da fd 7f 00 00
R8 =0x00000000000000ac is an unknown value
R9 =0x0000000000000014 is an unknown value
R10=0x000000000000000f is an unknown value
R11=0x0000021c8f324d50 points into unknown readable memory: 0x0000000000000000 | 00 00 00 00 00 00 00 00
R12=0x0000000000000014 is an unknown value
R13=0x0000005c154fe3d0 is pointing into the stack for thread: 0x0000021c8f2bb900
R14=0x00000000000000a0 is an unknown value
R15=0x0000021c8f30abb0 points into unknown readable memory: 0x00007ffddaf6eef0 | f0 ee f6 da fd 7f 00 00


Top of Stack: (sp=0x0000005c154fe260)
0x0000005c154fe260:   0000021c8fa1cda0 0000005c154fe2d9
0x0000005c154fe270:   0000000000000010 0000021c8fa1ce18
0x0000005c154fe280:   0000000000000000 00007ffdda77b3ce
0x0000005c154fe290:   0000021c8f3245e0 0000005c154feea0
0x0000005c154fe2a0:   0000021c8fa1ca30 0000021c8fb1eb50
0x0000005c154fe2b0:   0000021c8fa1cda4 0000000000000000
0x0000005c154fe2c0:   0000005c154feea0 0000021c8fa1cd90
0x0000005c154fe2d0:   0000021c8fa1cda5 0000021c8fa1cda5
0x0000005c154fe2e0:   000000ac000000ac 0000021c8faa2a00
0x0000005c154fe2f0:   0000000000000001 ffffffffffffffff
0x0000005c154fe300:   0000000000000000 0000000000000000
0x0000005c154fe310:   0000000000000000 0000021c8f324560
0x0000005c154fe320:   0000005c154fe3d0 0000021c8f324760
0x0000005c154fe330:   0000000000000015 00007ffdda76ac48
0x0000005c154fe340:   0000005c154fe3d0 0000021c00000000
0x0000005c154fe350:   0000000000000015 0000021c8fa1ce18
0x0000005c154fe360:   0000021c8f324370 0000000000000000
0x0000005c154fe370:   0000021c8f324370 0000000000000000
0x0000005c154fe380:   0000021c8fa1ca30 00007ffdda776728
0x0000005c154fe390:   0000021c8f3245e0 0000005c154feb00
0x0000005c154fe3a0:   0000000000000000 0000021c8f324560
0x0000005c154fe3b0:   0000021c8fa1ca30 00000000ffffffff
0x0000005c154fe3c0:   0000021c8f2bb900 00007ffddaf65da8
0x0000005c154fe3d0:   0000005c154feea0 0000021c8f324560
0x0000005c154fe3e0:   0000001000000003 0000021c8f324600
0x0000005c154fe3f0:   0000000000000000 0000021c8f324680
0x0000005c154fe400:   0000000000000000 0000000000000000
0x0000005c154fe410:   0000000000000000 0000000000000000
0x0000005c154fe420:   0000000200000000 0000021c8f324750
0x0000005c154fe430:   0000000000000000 0000000000000000
0x0000005c154fe440:   0000000000000000 0000000000000012
0x0000005c154fe450:   0000000000000000 0000005c154feb00 

Instructions: (pc=0x00007ffdda776e0b)
0x00007ffdda776d0b:   b6 c1 49 8b c9 24 3f 48 c1 e9 06 0f b6 d0 48 8b
0x00007ffdda776d1b:   07 48 8b 0c c8 48 0f a3 d1 0f 83 00 01 00 00 49
0x00007ffdda776d2b:   8b 45 28 4e 8d 34 cd 00 00 00 00 48 8b 48 08 49
0x00007ffdda776d3b:   8b 3c 0e 48 85 ff 0f 85 7a 00 00 00 b9 b0 01 00
0x00007ffdda776d4b:   00 e8 bf 85 fc ff 48 85 c0 74 10 41 8b d4 48 8b
0x00007ffdda776d5b:   c8 e8 9f 39 ff ff 48 8b f8 eb 02 33 ff 49 8b 45
0x00007ffdda776d6b:   08 48 8b 48 18 48 63 51 50 48 8d 8f 90 00 00 00
0x00007ffdda776d7b:   e8 50 86 fd ff 49 8b 45 28 48 8b 48 08 49 89 3c
0x00007ffdda776d8b:   0e 41 8b 4d 10 41 3b 4d 14 75 0f 8b d1 49 8d 4d
0x00007ffdda776d9b:   10 e8 0f 24 f7 ff 41 8b 4d 10 8d 41 01 48 63 c9
0x00007ffdda776dab:   41 89 45 10 49 8b 45 18 48 89 3c c8 48 8b 5d d7
0x00007ffdda776dbb:   44 8b 45 07 8b f3 4d 85 ff 74 5a 8b 87 84 00 00
0x00007ffdda776dcb:   00 c1 e8 02 a8 01 74 12 49 8b 4d 00 48 8d 15 52
0x00007ffdda776ddb:   ea 7e 00 e8 ad fc fe ff eb 30 49 8d 9f a0 00 00
0x00007ffdda776deb:   00 8b 0b 3b 4b 04 75 0c 8b d1 48 8b cb e8 b3 23
0x00007ffdda776dfb:   f7 ff 8b 0b 8d 41 01 48 63 c9 89 03 48 8b 43 08
0x00007ffdda776e0b:   48 89 3c c8 ff 87 88 00 00 00 8b 75 d7 48 8b 5d
0x00007ffdda776e1b:   d7 44 8b 45 07 4c 8d 35 d9 91 eb ff 4c 8b ff 83
0x00007ffdda776e2b:   7d 6f 00 0f 8e d5 00 00 00 49 63 c0 42 80 bc 30
0x00007ffdda776e3b:   10 4d b8 00 00 74 06 49 8b 4d 08 eb 22 41 81 f8
0x00007ffdda776e4b:   b1 00 00 00 0f 85 b4 00 00 00 49 8b 4d 08 48 8b
0x00007ffdda776e5b:   41 18 81 78 54 52 01 00 00 0f 85 9f 00 00 00 48
0x00007ffdda776e6b:   8b 41 38 45 33 f6 48 89 45 a7 4c 63 28 4d 85 ed
0x00007ffdda776e7b:   0f 8e 84 00 00 00 48 8b 40 08 4a 8b 34 f0 48 8b
0x00007ffdda776e8b:   06 44 39 60 08 7f 5d 44 3b 60 0c 7d 57 48 8b 5e
0x00007ffdda776e9b:   08 49 8d bf a0 00 00 00 48 63 17 33 c9 85 d2 7e
0x00007ffdda776eab:   15 48 8b 47 08 48 39 18 74 31 48 ff c1 48 83 c0
0x00007ffdda776ebb:   08 48 3b ca 7c ef 3b 57 04 75 0a 48 8b cf e8 e2
0x00007ffdda776ecb:   22 f7 ff 8b 17 8d 42 01 48 63 ca 89 07 48 8b 47
0x00007ffdda776edb:   08 48 89 1c c8 ff 83 88 00 00 00 48 8b 06 83 78
0x00007ffdda776eeb:   14 00 74 0c 48 8b 45 a7 49 ff c6 4d 3b f5 7c 86
0x00007ffdda776efb:   48 8b 5d d7 44 8b 45 07 8b f3 4c 8b 6d 67 48 8b 


Stack slot to memory mapping:
stack at sp + 0 slots: 0x0000021c8fa1cda0 points into unknown readable memory: 0x00007fac030400a7 | a7 00 04 03 ac 7f 00 00
stack at sp + 1 slots: 0x0000005c154fe2d9 is pointing into the stack for thread: 0x0000021c8f2bb900
stack at sp + 2 slots: 0x0000000000000010 is an unknown value
stack at sp + 3 slots: 0x0000021c8fa1ce18 points into unknown readable memory: 0x0000021c8fa1ce30 | 30 ce a1 8f 1c 02 00 00
stack at sp + 4 slots: 0x0 is NULL
stack at sp + 5 slots: 0x00007ffdda77b3ce jvm.dll
stack at sp + 6 slots: 0x0000021c8f3245e0 points into unknown readable memory: 0x0000000000000000 | 00 00 00 00 00 00 00 00
stack at sp + 7 slots: 0x0000005c154feea0 is pointing into the stack for thread: 0x0000021c8f2bb900


---------------  P R O C E S S  ---------------

Threads class SMR info:
_java_thread_list=0x0000021c8fb3d320, length=23, elements={
0x0000021cf4b1ea00, 0x0000021c8f264030, 0x0000021c8f2648d0, 0x0000021c8f299aa0,
0x0000021c8f29c480, 0x0000021c8f29ce40, 0x0000021c8f2ba300, 0x0000021c8f2baf00,
0x0000021c8f2bb900, 0x0000021c8f2be310, 0x0000021c8f489010, 0x0000021c8f48a1a0,
0x0000021c8f836c70, 0x0000021c8f499f20, 0x0000021c8f49a820, 0x0000021c8f8df1d0,
0x0000021c8f8df6b0, 0x0000021c8f925020, 0x0000021c8f925900, 0x0000021c8fb34a60,
0x0000021c8fb35ea0, 0x0000021c8fb363b0, 0x0000021c8fb34550
}

Java Threads: ( => current thread )
  0x0000021cf4b1ea00 JavaThread "main" [_thread_blocked, id=6916, stack(0x0000005c14600000,0x0000005c14700000)]
  0x0000021c8f264030 JavaThread "Reference Handler" daemon [_thread_blocked, id=16672, stack(0x0000005c14d00000,0x0000005c14e00000)]
  0x0000021c8f2648d0 JavaThread "Finalizer" daemon [_thread_blocked, id=19012, stack(0x0000005c14e00000,0x0000005c14f00000)]
  0x0000021c8f299aa0 JavaThread "Signal Dispatcher" daemon [_thread_blocked, id=18488, stack(0x0000005c14f00000,0x0000005c15000000)]
  0x0000021c8f29c480 JavaThread "Attach Listener" daemon [_thread_blocked, id=20324, stack(0x0000005c15000000,0x0000005c15100000)]
  0x0000021c8f29ce40 JavaThread "Service Thread" daemon [_thread_blocked, id=18092, stack(0x0000005c15100000,0x0000005c15200000)]
  0x0000021c8f2ba300 JavaThread "Monitor Deflation Thread" daemon [_thread_blocked, id=16352, stack(0x0000005c15200000,0x0000005c15300000)]
  0x0000021c8f2baf00 JavaThread "C2 CompilerThread0" daemon [_thread_in_native, id=836, stack(0x0000005c15300000,0x0000005c15400000)]
=>0x0000021c8f2bb900 JavaThread "C1 CompilerThread0" daemon [_thread_in_native, id=5812, stack(0x0000005c15400000,0x0000005c15500000)]
  0x0000021c8f2be310 JavaThread "Sweeper thread" daemon [_thread_blocked, id=14604, stack(0x0000005c15500000,0x0000005c15600000)]
  0x0000021c8f489010 JavaThread "Common-Cleaner" daemon [_thread_blocked, id=10052, stack(0x0000005c15600000,0x0000005c15700000)]
  0x0000021c8f48a1a0 JavaThread "Notification Thread" daemon [_thread_blocked, id=19244, stack(0x0000005c15700000,0x0000005c15800000)]
  0x0000021c8f836c70 JavaThread "C2 CompilerThread1" daemon [_thread_in_native, id=22276, stack(0x0000005c15900000,0x0000005c15a00000)]
  0x0000021c8f499f20 JavaThread "RMI TCP Accept-8405" daemon [_thread_in_native, id=16400, stack(0x0000005c15a00000,0x0000005c15b00000)]
  0x0000021c8f49a820 JavaThread "RMI TCP Accept-0" daemon [_thread_in_native, id=12084, stack(0x0000005c15b00000,0x0000005c15c00000)]
  0x0000021c8f8df1d0 JavaThread "RMI Reaper" [_thread_blocked, id=21952, stack(0x0000005c15c00000,0x0000005c15d00000)]
  0x0000021c8f8df6b0 JavaThread "RMI GC Daemon" daemon [_thread_blocked, id=21800, stack(0x0000005c15d00000,0x0000005c15e00000)]
  0x0000021c8f925020 JavaThread "RMI TCP Connection(1)-127.0.0.1" daemon [_thread_in_native, id=5276, stack(0x0000005c15e00000,0x0000005c15f00000)]
  0x0000021c8f925900 JavaThread "RMI TCP Connection(2)-127.0.0.1" daemon [_thread_in_native, id=15348, stack(0x0000005c15f00000,0x0000005c16000000)]
  0x0000021c8fb34a60 JavaThread "RMI TCP Connection(3)-127.0.0.1" daemon [_thread_in_vm, id=6420, stack(0x0000005c16000000,0x0000005c16100000)]
  0x0000021c8fb35ea0 JavaThread "RMI Scheduler(0)" daemon [_thread_blocked, id=13240, stack(0x0000005c16100000,0x0000005c16200000)]
  0x0000021c8fb363b0 JavaThread "RMI TCP Connection(4)-127.0.0.1" daemon [_thread_in_native, id=22016, stack(0x0000005c16200000,0x0000005c16300000)]
  0x0000021c8fb34550 JavaThread "RMI RenewClean-[127.0.0.1:52505]" daemon [_thread_blocked, id=16684, stack(0x0000005c16300000,0x0000005c16400000)]

Other Threads:
  0x0000021cffe79500 VMThread "VM Thread" [stack: 0x0000005c14c00000,0x0000005c14d00000] [id=22208]
  0x0000021c8f4197a0 WatcherThread [stack: 0x0000005c15800000,0x0000005c15900000] [id=20656]
  0x0000021cf4b7a1e0 GCTaskThread "GC Thread#0" [stack: 0x0000005c14700000,0x0000005c14800000] [id=18704]
  0x0000021cf4b8b130 ConcurrentGCThread "G1 Main Marker" [stack: 0x0000005c14800000,0x0000005c14900000] [id=22180]
  0x0000021cf4b8c2f0 ConcurrentGCThread "G1 Conc#0" [stack: 0x0000005c14900000,0x0000005c14a00000] [id=7180]
  0x0000021cffd19cb0 ConcurrentGCThread "G1 Refine#0" [stack: 0x0000005c14a00000,0x0000005c14b00000] [id=19508]
  0x0000021cffd1a6e0 ConcurrentGCThread "G1 Service" [stack: 0x0000005c14b00000,0x0000005c14c00000] [id=11852]

Threads with active compile tasks:
C2 CompilerThread0      507  731       4       java.lang.String::substring (58 bytes)
C1 CompilerThread0      507  697       3       sun.invoke.util.VerifyAccess::isMemberAccessible (338 bytes)
C2 CompilerThread1      507  730       4       jdk.internal.org.objectweb.asm.Frame::execute (2305 bytes)

VM state: not at safepoint (normal execution)

VM Mutex/Monitor currently owned by a thread: None

Heap address: 0x0000000080000000, size: 2048 MB, Compressed Oops mode: 32-bit

CDS archive(s) not mapped
Compressed class space mapped at: 0x0000000100000000-0x0000000140000000, reserved size: 1073741824
Narrow klass base: 0x0000000000000000, Narrow klass shift: 3, Narrow klass range: 0x140000000

GC Precious Log:
 CPUs: 12 total, 12 available
 Memory: 16235M
 Large Page Support: Disabled
 NUMA Support: Disabled
 Compressed Oops: Enabled (32-bit)
 Heap Region Size: 1M
 Heap Min Capacity: 128M
 Heap Initial Capacity: 128M
 Heap Max Capacity: 2G
 Pre-touch: Disabled
 Parallel Workers: 10
 Concurrent Workers: 3
 Concurrent Refinement Workers: 10
 Periodic GC: Disabled

Heap:
 garbage-first heap   total 131072K, used 14336K [0x0000000080000000, 0x0000000100000000)
  region size 1024K, 13 young (13312K), 0 survivors (0K)
 Metaspace       used 13533K, committed 13760K, reserved 1114112K
  class space    used 1432K, committed 1536K, reserved 1048576K

Heap Regions: E=young(eden), S=young(survivor), O=old, HS=humongous(starts), HC=humongous(continues), CS=collection set, F=free, OA=open archive, CA=closed archive, TAMS=top-at-mark-start (previous, next)
|   0|0x0000000080000000, 0x0000000080100000, 0x0000000080100000|100%|HS|  |TAMS 0x0000000080000000, 0x0000000080000000| Complete 
|   1|0x0000000080100000, 0x0000000080200000, 0x0000000080200000|100%|HC|  |TAMS 0x0000000080100000, 0x0000000080100000| Complete 
|   2|0x0000000080200000, 0x0000000080300000, 0x0000000080300000|100%|HC|  |TAMS 0x0000000080200000, 0x0000000080200000| Complete 
|   3|0x0000000080300000, 0x0000000080300000, 0x0000000080400000|  0%| F|  |TAMS 0x0000000080300000, 0x0000000080300000| Untracked 
|   4|0x0000000080400000, 0x0000000080400000, 0x0000000080500000|  0%| F|  |TAMS 0x0000000080400000, 0x0000000080400000| Untracked 
|   5|0x0000000080500000, 0x0000000080500000, 0x0000000080600000|  0%| F|  |TAMS 0x0000000080500000, 0x0000000080500000| Untracked 
|   6|0x0000000080600000, 0x0000000080600000, 0x0000000080700000|  0%| F|  |TAMS 0x0000000080600000, 0x0000000080600000| Untracked 
|   7|0x0000000080700000, 0x0000000080700000, 0x0000000080800000|  0%| F|  |TAMS 0x0000000080700000, 0x0000000080700000| Untracked 
|   8|0x0000000080800000, 0x0000000080800000, 0x0000000080900000|  0%| F|  |TAMS 0x0000000080800000, 0x0000000080800000| Untracked 
|   9|0x0000000080900000, 0x0000000080900000, 0x0000000080a00000|  0%| F|  |TAMS 0x0000000080900000, 0x0000000080900000| Untracked 
|  10|0x0000000080a00000, 0x0000000080a00000, 0x0000000080b00000|  0%| F|  |TAMS 0x0000000080a00000, 0x0000000080a00000| Untracked 
|  11|0x0000000080b00000, 0x0000000080b00000, 0x0000000080c00000|  0%| F|  |TAMS 0x0000000080b00000, 0x0000000080b00000| Untracked 
|  12|0x0000000080c00000, 0x0000000080c00000, 0x0000000080d00000|  0%| F|  |TAMS 0x0000000080c00000, 0x0000000080c00000| Untracked 
|  13|0x0000000080d00000, 0x0000000080d00000, 0x0000000080e00000|  0%| F|  |TAMS 0x0000000080d00000, 0x0000000080d00000| Untracked 
|  14|0x0000000080e00000, 0x0000000080e00000, 0x0000000080f00000|  0%| F|  |TAMS 0x0000000080e00000, 0x0000000080e00000| Untracked 
|  15|0x0000000080f00000, 0x0000000080f00000, 0x0000000081000000|  0%| F|  |TAMS 0x0000000080f00000, 0x0000000080f00000| Untracked 
|  16|0x0000000081000000, 0x0000000081000000, 0x0000000081100000|  0%| F|  |TAMS 0x0000000081000000, 0x0000000081000000| Untracked 
|  17|0x0000000081100000, 0x0000000081100000, 0x0000000081200000|  0%| F|  |TAMS 0x0000000081100000, 0x0000000081100000| Untracked 
|  18|0x0000000081200000, 0x0000000081200000, 0x0000000081300000|  0%| F|  |TAMS 0x0000000081200000, 0x0000000081200000| Untracked 
|  19|0x0000000081300000, 0x0000000081300000, 0x0000000081400000|  0%| F|  |TAMS 0x0000000081300000, 0x0000000081300000| Untracked 
|  20|0x0000000081400000, 0x0000000081400000, 0x0000000081500000|  0%| F|  |TAMS 0x0000000081400000, 0x0000000081400000| Untracked 
|  21|0x0000000081500000, 0x0000000081500000, 0x0000000081600000|  0%| F|  |TAMS 0x0000000081500000, 0x0000000081500000| Untracked 
|  22|0x0000000081600000, 0x0000000081600000, 0x0000000081700000|  0%| F|  |TAMS 0x0000000081600000, 0x0000000081600000| Untracked 
|  23|0x0000000081700000, 0x0000000081700000, 0x0000000081800000|  0%| F|  |TAMS 0x0000000081700000, 0x0000000081700000| Untracked 
|  24|0x0000000081800000, 0x0000000081800000, 0x0000000081900000|  0%| F|  |TAMS 0x0000000081800000, 0x0000000081800000| Untracked 
|  25|0x0000000081900000, 0x0000000081900000, 0x0000000081a00000|  0%| F|  |TAMS 0x0000000081900000, 0x0000000081900000| Untracked 
|  26|0x0000000081a00000, 0x0000000081a00000, 0x0000000081b00000|  0%| F|  |TAMS 0x0000000081a00000, 0x0000000081a00000| Untracked 
|  27|0x0000000081b00000, 0x0000000081b00000, 0x0000000081c00000|  0%| F|  |TAMS 0x0000000081b00000, 0x0000000081b00000| Untracked 
|  28|0x0000000081c00000, 0x0000000081c00000, 0x0000000081d00000|  0%| F|  |TAMS 0x0000000081c00000, 0x0000000081c00000| Untracked 
|  29|0x0000000081d00000, 0x0000000081d00000, 0x0000000081e00000|  0%| F|  |TAMS 0x0000000081d00000, 0x0000000081d00000| Untracked 
|  30|0x0000000081e00000, 0x0000000081e00000, 0x0000000081f00000|  0%| F|  |TAMS 0x0000000081e00000, 0x0000000081e00000| Untracked 
|  31|0x0000000081f00000, 0x0000000081f00000, 0x0000000082000000|  0%| F|  |TAMS 0x0000000081f00000, 0x0000000081f00000| Untracked 
|  32|0x0000000082000000, 0x0000000082000000, 0x0000000082100000|  0%| F|  |TAMS 0x0000000082000000, 0x0000000082000000| Untracked 
|  33|0x0000000082100000, 0x0000000082100000, 0x0000000082200000|  0%| F|  |TAMS 0x0000000082100000, 0x0000000082100000| Untracked 
|  34|0x0000000082200000, 0x0000000082200000, 0x0000000082300000|  0%| F|  |TAMS 0x0000000082200000, 0x0000000082200000| Untracked 
|  35|0x0000000082300000, 0x0000000082300000, 0x0000000082400000|  0%| F|  |TAMS 0x0000000082300000, 0x0000000082300000| Untracked 
|  36|0x0000000082400000, 0x0000000082400000, 0x0000000082500000|  0%| F|  |TAMS 0x0000000082400000, 0x0000000082400000| Untracked 
|  37|0x0000000082500000, 0x0000000082500000, 0x0000000082600000|  0%| F|  |TAMS 0x0000000082500000, 0x0000000082500000| Untracked 
|  38|0x0000000082600000, 0x0000000082600000, 0x0000000082700000|  0%| F|  |TAMS 0x0000000082600000, 0x0000000082600000| Untracked 
|  39|0x0000000082700000, 0x0000000082700000, 0x0000000082800000|  0%| F|  |TAMS 0x0000000082700000, 0x0000000082700000| Untracked 
|  40|0x0000000082800000, 0x0000000082800000, 0x0000000082900000|  0%| F|  |TAMS 0x0000000082800000, 0x0000000082800000| Untracked 
|  41|0x0000000082900000, 0x0000000082900000, 0x0000000082a00000|  0%| F|  |TAMS 0x0000000082900000, 0x0000000082900000| Untracked 
|  42|0x0000000082a00000, 0x0000000082a00000, 0x0000000082b00000|  0%| F|  |TAMS 0x0000000082a00000, 0x0000000082a00000| Untracked 
|  43|0x0000000082b00000, 0x0000000082b00000, 0x0000000082c00000|  0%| F|  |TAMS 0x0000000082b00000, 0x0000000082b00000| Untracked 
|  44|0x0000000082c00000, 0x0000000082c00000, 0x0000000082d00000|  0%| F|  |TAMS 0x0000000082c00000, 0x0000000082c00000| Untracked 
|  45|0x0000000082d00000, 0x0000000082d00000, 0x0000000082e00000|  0%| F|  |TAMS 0x0000000082d00000, 0x0000000082d00000| Untracked 
|  46|0x0000000082e00000, 0x0000000082e00000, 0x0000000082f00000|  0%| F|  |TAMS 0x0000000082e00000, 0x0000000082e00000| Untracked 
|  47|0x0000000082f00000, 0x0000000082f00000, 0x0000000083000000|  0%| F|  |TAMS 0x0000000082f00000, 0x0000000082f00000| Untracked 
|  48|0x0000000083000000, 0x0000000083000000, 0x0000000083100000|  0%| F|  |TAMS 0x0000000083000000, 0x0000000083000000| Untracked 
|  49|0x0000000083100000, 0x0000000083100000, 0x0000000083200000|  0%| F|  |TAMS 0x0000000083100000, 0x0000000083100000| Untracked 
|  50|0x0000000083200000, 0x0000000083200000, 0x0000000083300000|  0%| F|  |TAMS 0x0000000083200000, 0x0000000083200000| Untracked 
|  51|0x0000000083300000, 0x0000000083300000, 0x0000000083400000|  0%| F|  |TAMS 0x0000000083300000, 0x0000000083300000| Untracked 
|  52|0x0000000083400000, 0x0000000083400000, 0x0000000083500000|  0%| F|  |TAMS 0x0000000083400000, 0x0000000083400000| Untracked 
|  53|0x0000000083500000, 0x0000000083500000, 0x0000000083600000|  0%| F|  |TAMS 0x0000000083500000, 0x0000000083500000| Untracked 
|  54|0x0000000083600000, 0x0000000083600000, 0x0000000083700000|  0%| F|  |TAMS 0x0000000083600000, 0x0000000083600000| Untracked 
|  55|0x0000000083700000, 0x0000000083700000, 0x0000000083800000|  0%| F|  |TAMS 0x0000000083700000, 0x0000000083700000| Untracked 
|  56|0x0000000083800000, 0x0000000083800000, 0x0000000083900000|  0%| F|  |TAMS 0x0000000083800000, 0x0000000083800000| Untracked 
|  57|0x0000000083900000, 0x0000000083900000, 0x0000000083a00000|  0%| F|  |TAMS 0x0000000083900000, 0x0000000083900000| Untracked 
|  58|0x0000000083a00000, 0x0000000083a00000, 0x0000000083b00000|  0%| F|  |TAMS 0x0000000083a00000, 0x0000000083a00000| Untracked 
|  59|0x0000000083b00000, 0x0000000083b00000, 0x0000000083c00000|  0%| F|  |TAMS 0x0000000083b00000, 0x0000000083b00000| Untracked 
|  60|0x0000000083c00000, 0x0000000083c00000, 0x0000000083d00000|  0%| F|  |TAMS 0x0000000083c00000, 0x0000000083c00000| Untracked 
|  61|0x0000000083d00000, 0x0000000083d00000, 0x0000000083e00000|  0%| F|  |TAMS 0x0000000083d00000, 0x0000000083d00000| Untracked 
|  62|0x0000000083e00000, 0x0000000083e00000, 0x0000000083f00000|  0%| F|  |TAMS 0x0000000083e00000, 0x0000000083e00000| Untracked 
|  63|0x0000000083f00000, 0x0000000083f00000, 0x0000000084000000|  0%| F|  |TAMS 0x0000000083f00000, 0x0000000083f00000| Untracked 
|  64|0x0000000084000000, 0x0000000084000000, 0x0000000084100000|  0%| F|  |TAMS 0x0000000084000000, 0x0000000084000000| Untracked 
|  65|0x0000000084100000, 0x0000000084100000, 0x0000000084200000|  0%| F|  |TAMS 0x0000000084100000, 0x0000000084100000| Untracked 
|  66|0x0000000084200000, 0x0000000084200000, 0x0000000084300000|  0%| F|  |TAMS 0x0000000084200000, 0x0000000084200000| Untracked 
|  67|0x0000000084300000, 0x0000000084300000, 0x0000000084400000|  0%| F|  |TAMS 0x0000000084300000, 0x0000000084300000| Untracked 
|  68|0x0000000084400000, 0x0000000084400000, 0x0000000084500000|  0%| F|  |TAMS 0x0000000084400000, 0x0000000084400000| Untracked 
|  69|0x0000000084500000, 0x0000000084500000, 0x0000000084600000|  0%| F|  |TAMS 0x0000000084500000, 0x0000000084500000| Untracked 
|  70|0x0000000084600000, 0x0000000084600000, 0x0000000084700000|  0%| F|  |TAMS 0x0000000084600000, 0x0000000084600000| Untracked 
|  71|0x0000000084700000, 0x0000000084700000, 0x0000000084800000|  0%| F|  |TAMS 0x0000000084700000, 0x0000000084700000| Untracked 
|  72|0x0000000084800000, 0x0000000084800000, 0x0000000084900000|  0%| F|  |TAMS 0x0000000084800000, 0x0000000084800000| Untracked 
|  73|0x0000000084900000, 0x0000000084900000, 0x0000000084a00000|  0%| F|  |TAMS 0x0000000084900000, 0x0000000084900000| Untracked 
|  74|0x0000000084a00000, 0x0000000084a00000, 0x0000000084b00000|  0%| F|  |TAMS 0x0000000084a00000, 0x0000000084a00000| Untracked 
|  75|0x0000000084b00000, 0x0000000084b00000, 0x0000000084c00000|  0%| F|  |TAMS 0x0000000084b00000, 0x0000000084b00000| Untracked 
|  76|0x0000000084c00000, 0x0000000084c00000, 0x0000000084d00000|  0%| F|  |TAMS 0x0000000084c00000, 0x0000000084c00000| Untracked 
|  77|0x0000000084d00000, 0x0000000084d00000, 0x0000000084e00000|  0%| F|  |TAMS 0x0000000084d00000, 0x0000000084d00000| Untracked 
|  78|0x0000000084e00000, 0x0000000084e00000, 0x0000000084f00000|  0%| F|  |TAMS 0x0000000084e00000, 0x0000000084e00000| Untracked 
|  79|0x0000000084f00000, 0x0000000084f00000, 0x0000000085000000|  0%| F|  |TAMS 0x0000000084f00000, 0x0000000084f00000| Untracked 
|  80|0x0000000085000000, 0x0000000085000000, 0x0000000085100000|  0%| F|  |TAMS 0x0000000085000000, 0x0000000085000000| Untracked 
|  81|0x0000000085100000, 0x0000000085100000, 0x0000000085200000|  0%| F|  |TAMS 0x0000000085100000, 0x0000000085100000| Untracked 
|  82|0x0000000085200000, 0x0000000085200000, 0x0000000085300000|  0%| F|  |TAMS 0x0000000085200000, 0x0000000085200000| Untracked 
|  83|0x0000000085300000, 0x0000000085300000, 0x0000000085400000|  0%| F|  |TAMS 0x0000000085300000, 0x0000000085300000| Untracked 
|  84|0x0000000085400000, 0x0000000085400000, 0x0000000085500000|  0%| F|  |TAMS 0x0000000085400000, 0x0000000085400000| Untracked 
|  85|0x0000000085500000, 0x0000000085500000, 0x0000000085600000|  0%| F|  |TAMS 0x0000000085500000, 0x0000000085500000| Untracked 
|  86|0x0000000085600000, 0x0000000085600000, 0x0000000085700000|  0%| F|  |TAMS 0x0000000085600000, 0x0000000085600000| Untracked 
|  87|0x0000000085700000, 0x0000000085700000, 0x0000000085800000|  0%| F|  |TAMS 0x0000000085700000, 0x0000000085700000| Untracked 
|  88|0x0000000085800000, 0x0000000085800000, 0x0000000085900000|  0%| F|  |TAMS 0x0000000085800000, 0x0000000085800000| Untracked 
|  89|0x0000000085900000, 0x0000000085900000, 0x0000000085a00000|  0%| F|  |TAMS 0x0000000085900000, 0x0000000085900000| Untracked 
|  90|0x0000000085a00000, 0x0000000085a00000, 0x0000000085b00000|  0%| F|  |TAMS 0x0000000085a00000, 0x0000000085a00000| Untracked 
|  91|0x0000000085b00000, 0x0000000085b00000, 0x0000000085c00000|  0%| F|  |TAMS 0x0000000085b00000, 0x0000000085b00000| Untracked 
|  92|0x0000000085c00000, 0x0000000085c00000, 0x0000000085d00000|  0%| F|  |TAMS 0x0000000085c00000, 0x0000000085c00000| Untracked 
|  93|0x0000000085d00000, 0x0000000085d00000, 0x0000000085e00000|  0%| F|  |TAMS 0x0000000085d00000, 0x0000000085d00000| Untracked 
|  94|0x0000000085e00000, 0x0000000085e00000, 0x0000000085f00000|  0%| F|  |TAMS 0x0000000085e00000, 0x0000000085e00000| Untracked 
|  95|0x0000000085f00000, 0x0000000085f00000, 0x0000000086000000|  0%| F|  |TAMS 0x0000000085f00000, 0x0000000085f00000| Untracked 
|  96|0x0000000086000000, 0x0000000086000000, 0x0000000086100000|  0%| F|  |TAMS 0x0000000086000000, 0x0000000086000000| Untracked 
|  97|0x0000000086100000, 0x0000000086100000, 0x0000000086200000|  0%| F|  |TAMS 0x0000000086100000, 0x0000000086100000| Untracked 
|  98|0x0000000086200000, 0x0000000086200000, 0x0000000086300000|  0%| F|  |TAMS 0x0000000086200000, 0x0000000086200000| Untracked 
|  99|0x0000000086300000, 0x0000000086300000, 0x0000000086400000|  0%| F|  |TAMS 0x0000000086300000, 0x0000000086300000| Untracked 
| 100|0x0000000086400000, 0x0000000086400000, 0x0000000086500000|  0%| F|  |TAMS 0x0000000086400000, 0x0000000086400000| Untracked 
| 101|0x0000000086500000, 0x0000000086500000, 0x0000000086600000|  0%| F|  |TAMS 0x0000000086500000, 0x0000000086500000| Untracked 
| 102|0x0000000086600000, 0x0000000086600000, 0x0000000086700000|  0%| F|  |TAMS 0x0000000086600000, 0x0000000086600000| Untracked 
| 103|0x0000000086700000, 0x0000000086700000, 0x0000000086800000|  0%| F|  |TAMS 0x0000000086700000, 0x0000000086700000| Untracked 
| 104|0x0000000086800000, 0x0000000086800000, 0x0000000086900000|  0%| F|  |TAMS 0x0000000086800000, 0x0000000086800000| Untracked 
| 105|0x0000000086900000, 0x0000000086900000, 0x0000000086a00000|  0%| F|  |TAMS 0x0000000086900000, 0x0000000086900000| Untracked 
| 106|0x0000000086a00000, 0x0000000086a00000, 0x0000000086b00000|  0%| F|  |TAMS 0x0000000086a00000, 0x0000000086a00000| Untracked 
| 107|0x0000000086b00000, 0x0000000086b00000, 0x0000000086c00000|  0%| F|  |TAMS 0x0000000086b00000, 0x0000000086b00000| Untracked 
| 108|0x0000000086c00000, 0x0000000086c00000, 0x0000000086d00000|  0%| F|  |TAMS 0x0000000086c00000, 0x0000000086c00000| Untracked 
| 109|0x0000000086d00000, 0x0000000086d00000, 0x0000000086e00000|  0%| F|  |TAMS 0x0000000086d00000, 0x0000000086d00000| Untracked 
| 110|0x0000000086e00000, 0x0000000086e00000, 0x0000000086f00000|  0%| F|  |TAMS 0x0000000086e00000, 0x0000000086e00000| Untracked 
| 111|0x0000000086f00000, 0x0000000086f00000, 0x0000000087000000|  0%| F|  |TAMS 0x0000000086f00000, 0x0000000086f00000| Untracked 
| 112|0x0000000087000000, 0x0000000087000000, 0x0000000087100000|  0%| F|  |TAMS 0x0000000087000000, 0x0000000087000000| Untracked 
| 113|0x0000000087100000, 0x0000000087100000, 0x0000000087200000|  0%| F|  |TAMS 0x0000000087100000, 0x0000000087100000| Untracked 
| 114|0x0000000087200000, 0x0000000087200000, 0x0000000087300000|  0%| F|  |TAMS 0x0000000087200000, 0x0000000087200000| Untracked 
| 115|0x0000000087300000, 0x0000000087376fa8, 0x0000000087400000| 46%| E|  |TAMS 0x0000000087300000, 0x0000000087300000| Complete 
| 116|0x0000000087400000, 0x0000000087500000, 0x0000000087500000|100%| E|CS|TAMS 0x0000000087400000, 0x0000000087400000| Complete 
| 117|0x0000000087500000, 0x0000000087600000, 0x0000000087600000|100%| E|CS|TAMS 0x0000000087500000, 0x0000000087500000| Complete 
| 118|0x0000000087600000, 0x0000000087700000, 0x0000000087700000|100%| E|CS|TAMS 0x0000000087600000, 0x0000000087600000| Complete 
| 119|0x0000000087700000, 0x0000000087800000, 0x0000000087800000|100%| E|CS|TAMS 0x0000000087700000, 0x0000000087700000| Complete 
| 120|0x0000000087800000, 0x0000000087900000, 0x0000000087900000|100%| E|CS|TAMS 0x0000000087800000, 0x0000000087800000| Complete 
| 121|0x0000000087900000, 0x0000000087a00000, 0x0000000087a00000|100%| E|CS|TAMS 0x0000000087900000, 0x0000000087900000| Complete 
| 122|0x0000000087a00000, 0x0000000087b00000, 0x0000000087b00000|100%| E|CS|TAMS 0x0000000087a00000, 0x0000000087a00000| Complete 
| 123|0x0000000087b00000, 0x0000000087c00000, 0x0000000087c00000|100%| E|CS|TAMS 0x0000000087b00000, 0x0000000087b00000| Complete 
| 124|0x0000000087c00000, 0x0000000087d00000, 0x0000000087d00000|100%| E|CS|TAMS 0x0000000087c00000, 0x0000000087c00000| Complete 
| 125|0x0000000087d00000, 0x0000000087e00000, 0x0000000087e00000|100%| E|CS|TAMS 0x0000000087d00000, 0x0000000087d00000| Complete 
| 126|0x0000000087e00000, 0x0000000087f00000, 0x0000000087f00000|100%| E|  |TAMS 0x0000000087e00000, 0x0000000087e00000| Complete 
| 127|0x0000000087f00000, 0x0000000088000000, 0x0000000088000000|100%| E|CS|TAMS 0x0000000087f00000, 0x0000000087f00000| Complete 

Card table byte_map: [0x0000021cf8bf0000,0x0000021cf8ff0000] _byte_map_base: 0x0000021cf87f0000

Marking Bits (Prev, Next): (CMBitMap*) 0x0000021cf4b7a800, (CMBitMap*) 0x0000021cf4b7a840
 Prev Bits: [0x0000021cf93f0000, 0x0000021cfb3f0000)
 Next Bits: [0x0000021cfb3f0000, 0x0000021cfd3f0000)

Polling page: 0x0000021cf2a80000

Metaspace:

Usage:
  Non-class:     11.84 MB used.
      Class:      1.41 MB used.
       Both:     13.24 MB used.

Virtual space:
  Non-class space:       64.00 MB reserved,      11.94 MB ( 19%) committed,  1 nodes.
      Class space:        1.00 GB reserved,       1.50 MB ( <1%) committed,  1 nodes.
             Both:        1.06 GB reserved,      13.44 MB (  1%) committed. 

Chunk freelists:
   Non-Class:  4.06 MB
       Class:  14.52 MB
        Both:  18.58 MB

MaxMetaspaceSize: unlimited
CompressedClassSpaceSize: 1.00 GB
Initial GC threshold: 21.00 MB
Current GC threshold: 21.00 MB
CDS: off
MetaspaceReclaimPolicy: balanced
 - commit_granule_bytes: 65536.
 - commit_granule_words: 8192.
 - virtual_space_node_default_size: 8388608.
 - enlarge_chunks_in_place: 1.
 - new_chunks_are_fully_committed: 0.
 - uncommit_free_chunks: 1.
 - use_allocation_guard: 0.
 - handle_deallocations: 1.


Internal statistics:

num_allocs_failed_limit: 0.
num_arena_births: 260.
num_arena_deaths: 0.
num_vsnodes_births: 2.
num_vsnodes_deaths: 0.
num_space_committed: 215.
num_space_uncommitted: 0.
num_chunks_returned_to_freelist: 0.
num_chunks_taken_from_freelist: 417.
num_chunk_merges: 0.
num_chunk_splits: 248.
num_chunks_enlarged: 103.
num_inconsistent_stats: 0.

CodeHeap 'non-profiled nmethods': size=120000Kb used=246Kb max_used=246Kb free=119753Kb
 bounds [0x0000021c87ad0000, 0x0000021c87d40000, 0x0000021c8f000000]
CodeHeap 'profiled nmethods': size=120000Kb used=1094Kb max_used=1094Kb free=118905Kb
 bounds [0x0000021c80000000, 0x0000021c80270000, 0x0000021c87530000]
CodeHeap 'non-nmethods': size=5760Kb used=1158Kb max_used=1168Kb free=4602Kb
 bounds [0x0000021c87530000, 0x0000021c877a0000, 0x0000021c87ad0000]
 total_blobs=1162 nmethods=712 adapters=363
 compilation: enabled
              stopped_count=0, restarted_count=0
 full_count=0

Compilation events (20 events):
Event: 0.410 Thread 0x0000021c8f2bb900 nmethod 686 0x0000021c8010dc90 code [0x0000021c8010de20, 0x0000021c8010df38]
Event: 0.410 Thread 0x0000021c8f2bb900  687       3       jdk.internal.org.objectweb.asm.MethodWriter::computeMethodInfoSize (571 bytes)
Event: 0.411 Thread 0x0000021c8f2bb900 nmethod 687 0x0000021c8010e010 code [0x0000021c8010e340, 0x0000021c8010f288]
Event: 0.411 Thread 0x0000021c8f2bb900  688       1       java.util.logging.Logger::getName (5 bytes)
Event: 0.411 Thread 0x0000021c8f2bb900 nmethod 688 0x0000021c87b07b90 code [0x0000021c87b07d20, 0x0000021c87b07df8]
Event: 0.412 Thread 0x0000021c8f2bb900  689   !   3       java.lang.invoke.MemberName::clone (14 bytes)
Event: 0.412 Thread 0x0000021c8f2bb900 nmethod 689 0x0000021c8010f910 code [0x0000021c8010fae0, 0x0000021c8010fe58]
Event: 0.412 Thread 0x0000021c8f2bb900  690       3       java.lang.StringBuilder::<init> (6 bytes)
Event: 0.412 Thread 0x0000021c8f2bb900 nmethod 690 0x0000021c80110010 code [0x0000021c801101a0, 0x0000021c801102e8]
Event: 0.415 Thread 0x0000021c8f2bb900  691       3       java.lang.reflect.AccessibleObject::<init> (5 bytes)
Event: 0.415 Thread 0x0000021c8f2bb900 nmethod 691 0x0000021c80110390 code [0x0000021c80110520, 0x0000021c80110678]
Event: 0.416 Thread 0x0000021c8f2bb900  693       3       jdk.internal.reflect.ClassFileAssembler::emitShort (24 bytes)
Event: 0.416 Thread 0x0000021c8f2bb900 nmethod 693 0x0000021c80110710 code [0x0000021c801108e0, 0x0000021c80110bb8]
Event: 0.416 Thread 0x0000021c8f2bb900  694       3       jdk.internal.reflect.ClassFileAssembler::cpi (22 bytes)
Event: 0.416 Thread 0x0000021c8f2bb900 nmethod 694 0x0000021c80110d90 code [0x0000021c80110f40, 0x0000021c80111148]
Event: 0.416 Thread 0x0000021c8f2bb900  695       3       jdk.internal.reflect.ByteVectorImpl::getLength (7 bytes)
Event: 0.416 Thread 0x0000021c8f2bb900 nmethod 695 0x0000021c80111210 code [0x0000021c801113a0, 0x0000021c801114b8]
Event: 0.416 Thread 0x0000021c8f2bb900  696       3       java.lang.invoke.MethodHandles$Lookup::fixmods (28 bytes)
Event: 0.416 Thread 0x0000021c8f2bb900 nmethod 696 0x0000021c80111590 code [0x0000021c80111740, 0x0000021c80111978]
Event: 0.416 Thread 0x0000021c8f2bb900  697       3       sun.invoke.util.VerifyAccess::isMemberAccessible (338 bytes)

GC Heap History (0 events):
No events

Dll operation events (1 events):
Event: 0.012 Loaded shared library C:\Program Files\JetBrains\IntelliJ IDEA 2024.1\jbr\bin\java.dll

Deoptimization events (20 events):
Event: 0.333 Thread 0x0000021cf4b1ea00 Uncommon trap: trap_request=0xffffff6e fr.pc=0x0000021c87aeddf4 relative=0x0000000000000174
Event: 0.333 Thread 0x0000021cf4b1ea00 Uncommon trap: reason=loop_limit_check action=maybe_recompile pc=0x0000021c87aeddf4 method=java.lang.StringLatin1.lastIndexOf([BII)I @ 19 c2
Event: 0.333 Thread 0x0000021cf4b1ea00 DEOPT PACKING pc=0x0000021c87aeddf4 sp=0x0000005c146fdf80
Event: 0.333 Thread 0x0000021cf4b1ea00 DEOPT UNPACKING pc=0x0000021c875869a3 sp=0x0000005c146fdf00 mode 2
Event: 0.350 Thread 0x0000021cf4b1ea00 Uncommon trap: trap_request=0xffffff45 fr.pc=0x0000021c87aee174 relative=0x0000000000000074
Event: 0.350 Thread 0x0000021cf4b1ea00 Uncommon trap: reason=unstable_if action=reinterpret pc=0x0000021c87aee174 method=jdk.internal.misc.Unsafe.convEndian(ZI)I @ 4 c2
Event: 0.350 Thread 0x0000021cf4b1ea00 DEOPT PACKING pc=0x0000021c87aee174 sp=0x0000005c146fd920
Event: 0.350 Thread 0x0000021cf4b1ea00 DEOPT UNPACKING pc=0x0000021c875869a3 sp=0x0000005c146fd850 mode 2
Event: 0.350 Thread 0x0000021cf4b1ea00 Uncommon trap: trap_request=0xffffff45 fr.pc=0x0000021c87af0fb8 relative=0x0000000000000038
Event: 0.350 Thread 0x0000021cf4b1ea00 Uncommon trap: reason=unstable_if action=reinterpret pc=0x0000021c87af0fb8 method=jdk.internal.misc.Unsafe.convEndian(ZI)I @ 4 c2
Event: 0.350 Thread 0x0000021cf4b1ea00 DEOPT PACKING pc=0x0000021c87af0fb8 sp=0x0000005c146fd8c0
Event: 0.350 Thread 0x0000021cf4b1ea00 DEOPT UNPACKING pc=0x0000021c875869a3 sp=0x0000005c146fd858 mode 2
Event: 0.360 Thread 0x0000021cf4b1ea00 DEOPT PACKING pc=0x0000021c80019667 sp=0x0000005c146fe410
Event: 0.360 Thread 0x0000021cf4b1ea00 DEOPT UNPACKING pc=0x0000021c87587143 sp=0x0000005c146fd830 mode 0
Event: 0.379 Thread 0x0000021cf4b1ea00 DEOPT PACKING pc=0x0000021c80015851 sp=0x0000005c146fcff0
Event: 0.379 Thread 0x0000021cf4b1ea00 DEOPT UNPACKING pc=0x0000021c87587143 sp=0x0000005c146fc468 mode 0
Event: 0.402 Thread 0x0000021c8f925020 Uncommon trap: trap_request=0xffffff45 fr.pc=0x0000021c87afba38 relative=0x0000000000000198
Event: 0.402 Thread 0x0000021c8f925020 Uncommon trap: reason=unstable_if action=reinterpret pc=0x0000021c87afba38 method=java.lang.invoke.VarHandle.checkExactAccessMode(Ljava/lang/invoke/VarHandle$AccessDescriptor;)V @ 4 c2
Event: 0.402 Thread 0x0000021c8f925020 DEOPT PACKING pc=0x0000021c87afba38 sp=0x0000005c15efee40
Event: 0.402 Thread 0x0000021c8f925020 DEOPT UNPACKING pc=0x0000021c875869a3 sp=0x0000005c15efee20 mode 2

Classes unloaded (0 events):
No events

Classes redefined (0 events):
No events

Internal exceptions (17 events):
Event: 0.200 Thread 0x0000021cf4b1ea00 Exception <a 'java/lang/NoSuchMethodError'{0x0000000087c3c6e8}: 'java.lang.Object java.lang.invoke.DirectMethodHandle$Holder.invokeStatic(java.lang.Object, java.lang.Object, int)'> (0x0000000087c3c6e8) 
thrown [s\src\hotspot\share\interpreter\linkResolver.cpp, line 771]
Event: 0.201 Thread 0x0000021cf4b1ea00 Exception <a 'java/lang/NoSuchMethodError'{0x0000000087c484a8}: 'void java.lang.invoke.DelegatingMethodHandle$Holder.delegate(java.lang.Object, java.lang.Object, int, java.lang.Object)'> (0x0000000087c484a8) 
thrown [s\src\hotspot\share\interpreter\linkResolver.cpp, line 771]
Event: 0.202 Thread 0x0000021cf4b1ea00 Exception <a 'java/lang/NoSuchMethodError'{0x0000000087c4c6e8}: 'int java.lang.invoke.DirectMethodHandle$Holder.invokeSpecial(java.lang.Object, java.lang.Object, java.lang.Object)'> (0x0000000087c4c6e8) 
thrown [s\src\hotspot\share\interpreter\linkResolver.cpp, line 771]
Event: 0.216 Thread 0x0000021cf4b1ea00 Exception <a 'java/lang/NoSuchMethodError'{0x0000000087c8f580}: 'void java.lang.invoke.DirectMethodHandle$Holder.invokeStatic(java.lang.Object, java.lang.Object, java.lang.Object)'> (0x0000000087c8f580) 
thrown [s\src\hotspot\share\interpreter\linkResolver.cpp, line 771]
Event: 0.221 Thread 0x0000021cf4b1ea00 Exception <a 'java/lang/NoSuchMethodError'{0x0000000087c9bed0}: 'java.lang.Object java.lang.invoke.Invokers$Holder.invoke_MT(java.lang.Object, java.lang.Object, java.lang.Object)'> (0x0000000087c9bed0) 
thrown [s\src\hotspot\share\interpreter\linkResolver.cpp, line 771]
Event: 0.224 Thread 0x0000021cf4b1ea00 Exception <a 'java/lang/NoSuchMethodError'{0x0000000087cac070}: 'void java.lang.invoke.DirectMethodHandle$Holder.invokeStatic(java.lang.Object, java.lang.Object)'> (0x0000000087cac070) 
thrown [s\src\hotspot\share\interpreter\linkResolver.cpp, line 771]
Event: 0.224 Thread 0x0000021cf4b1ea00 Exception <a 'java/lang/NoSuchMethodError'{0x0000000087caf7b8}: 'void java.lang.invoke.DirectMethodHandle$Holder.invokeStaticInit(java.lang.Object, java.lang.Object)'> (0x0000000087caf7b8) 
thrown [s\src\hotspot\share\interpreter\linkResolver.cpp, line 771]
Event: 0.225 Thread 0x0000021cf4b1ea00 Exception <a 'java/lang/NoSuchMethodError'{0x0000000087cb9560}: 'void java.lang.invoke.DirectMethodHandle$Holder.invokeInterface(java.lang.Object, java.lang.Object, java.lang.Object)'> (0x0000000087cb9560) 
thrown [s\src\hotspot\share\interpreter\linkResolver.cpp, line 771]
Event: 0.225 Thread 0x0000021cf4b1ea00 Exception <a 'java/lang/IncompatibleClassChangeError'{0x0000000087cbc9c0}: Found class java.lang.Object, but interface was expected> (0x0000000087cbc9c0) 
thrown [s\src\hotspot\share\interpreter\linkResolver.cpp, line 838]
Event: 0.226 Thread 0x0000021cf4b1ea00 Exception <a 'java/lang/IncompatibleClassChangeError'{0x0000000087cbe058}: Found class java.lang.Object, but interface was expected> (0x0000000087cbe058) 
thrown [s\src\hotspot\share\interpreter\linkResolver.cpp, line 838]
Event: 0.226 Thread 0x0000021cf4b1ea00 Exception <a 'java/lang/IncompatibleClassChangeError'{0x0000000087cbf128}: Found class java.lang.Object, but interface was expected> (0x0000000087cbf128) 
thrown [s\src\hotspot\share\interpreter\linkResolver.cpp, line 838]
Event: 0.226 Thread 0x0000021cf4b1ea00 Exception <a 'java/lang/IncompatibleClassChangeError'{0x0000000087cc04d0}: Found class java.lang.Object, but interface was expected> (0x0000000087cc04d0) 
thrown [s\src\hotspot\share\interpreter\linkResolver.cpp, line 838]
Event: 0.226 Thread 0x0000021cf4b1ea00 Exception <a 'java/lang/IncompatibleClassChangeError'{0x0000000087cc1468}: Found class java.lang.Object, but interface was expected> (0x0000000087cc1468) 
thrown [s\src\hotspot\share\interpreter\linkResolver.cpp, line 838]
Event: 0.241 Thread 0x0000021cf4b1ea00 Exception <a 'java/lang/NoSuchMethodError'{0x0000000087ccd360}: 'java.lang.Object java.lang.invoke.DirectMethodHandle$Holder.invokeStaticInit(java.lang.Object)'> (0x0000000087ccd360) 
thrown [s\src\hotspot\share\interpreter\linkResolver.cpp, line 771]
Event: 0.272 Thread 0x0000021cf4b1ea00 Exception <a 'java/lang/NoSuchMethodError'{0x0000000087b4b9f8}: 'java.lang.Object java.lang.invoke.DirectMethodHandle$Holder.invokeStaticInit(java.lang.Object, int, int, int, int)'> (0x0000000087b4b9f8) 
thrown [s\src\hotspot\share\interpreter\linkResolver.cpp, line 771]
Event: 0.319 Thread 0x0000021cf4b1ea00 Exception <a 'java/lang/NoSuchMethodError'{0x0000000087a2b140}: 'java.lang.Object java.lang.invoke.DirectMethodHandle$Holder.invokeStaticInit(java.lang.Object, java.lang.Object, int, int, int, int)'> (0x0000000087a2b140) 
thrown [s\src\hotspot\share\interpreter\linkResolver.cpp, line 771]
Event: 0.390 Thread 0x0000021cf4b1ea00 Exception <a 'java/lang/NoSuchMethodError'{0x0000000087856928}: 'java.lang.Object java.lang.invoke.Invokers$Holder.linkToTargetMethod(java.lang.Object, long, java.lang.Object)'> (0x0000000087856928) 
thrown [s\src\hotspot\share\interpreter\linkResolver.cpp, line 771]

VM Operations (4 events):
Event: 0.155 Executing VM operation: HandshakeAllThreads
Event: 0.155 Executing VM operation: HandshakeAllThreads done
Event: 0.230 Executing VM operation: HandshakeAllThreads
Event: 0.230 Executing VM operation: HandshakeAllThreads done

Events (20 events):
Event: 0.415 loading class jdk/internal/reflect/UnsafeFieldAccessorFactory
Event: 0.415 loading class jdk/internal/reflect/UnsafeFieldAccessorFactory done
Event: 0.415 loading class jdk/internal/reflect/UnsafeQualifiedStaticLongFieldAccessorImpl
Event: 0.415 loading class jdk/internal/reflect/UnsafeQualifiedStaticFieldAccessorImpl
Event: 0.415 loading class jdk/internal/reflect/UnsafeQualifiedStaticFieldAccessorImpl done
Event: 0.415 loading class jdk/internal/reflect/UnsafeQualifiedStaticLongFieldAccessorImpl done
Event: 0.415 loading class java/util/ComparableTimSort
Event: 0.415 loading class java/util/ComparableTimSort done
Event: 0.416 loading class jdk/internal/reflect/SerializationConstructorAccessorImpl
Event: 0.416 loading class jdk/internal/reflect/SerializationConstructorAccessorImpl done
Event: 0.417 loading class java/util/stream/Collectors
Event: 0.418 loading class java/util/stream/Collectors done
Event: 0.418 loading class java/util/stream/Collector$Characteristics
Event: 0.418 loading class java/util/stream/Collector$Characteristics done
Event: 0.418 loading class java/util/stream/Collectors$CollectorImpl
Event: 0.418 loading class java/util/stream/Collector
Event: 0.419 loading class java/util/stream/Collector done
Event: 0.419 loading class java/util/stream/Collectors$CollectorImpl done
Event: 0.419 loading class java/util/function/BiConsumer
Event: 0.419 loading class java/util/function/BiConsumer done


Dynamic libraries:
0x00007ff73a330000 - 0x00007ff73a33a000 	C:\Program Files\JetBrains\IntelliJ IDEA 2024.1\jbr\bin\java.exe
0x00007ffe6bd30000 - 0x00007ffe6bf47000 	C:\WINDOWS\SYSTEM32\ntdll.dll
0x00007ffe6a640000 - 0x00007ffe6a704000 	C:\WINDOWS\System32\KERNEL32.DLL
0x00007ffe69430000 - 0x00007ffe697dd000 	C:\WINDOWS\System32\KERNELBASE.dll
0x00007ffe691a0000 - 0x00007ffe692b1000 	C:\WINDOWS\System32\ucrtbase.dll
0x00007ffe56e30000 - 0x00007ffe56e47000 	C:\Program Files\JetBrains\IntelliJ IDEA 2024.1\jbr\bin\jli.dll
0x00007ffe64610000 - 0x00007ffe6462b000 	C:\Program Files\JetBrains\IntelliJ IDEA 2024.1\jbr\bin\VCRUNTIME140.dll
0x00007ffe6a270000 - 0x00007ffe6a41e000 	C:\WINDOWS\System32\USER32.dll
0x00007ffe55020000 - 0x00007ffe552b3000 	C:\WINDOWS\WinSxS\amd64_microsoft.windows.common-controls_6595b64144ccf1df_6.0.22621.3672_none_2713b9d173822955\COMCTL32.dll
0x00007ffe69900000 - 0x00007ffe69926000 	C:\WINDOWS\System32\win32u.dll
0x00007ffe6a190000 - 0x00007ffe6a237000 	C:\WINDOWS\System32\msvcrt.dll
0x00007ffe6a610000 - 0x00007ffe6a639000 	C:\WINDOWS\System32\GDI32.dll
0x00007ffe697e0000 - 0x00007ffe698f9000 	C:\WINDOWS\System32\gdi32full.dll
0x00007ffe690d0000 - 0x00007ffe6916a000 	C:\WINDOWS\System32\msvcp_win.dll
0x00007ffe6a0e0000 - 0x00007ffe6a111000 	C:\WINDOWS\System32\IMM32.DLL
0x00007ffe64640000 - 0x00007ffe6464c000 	C:\Program Files\JetBrains\IntelliJ IDEA 2024.1\jbr\bin\vcruntime140_1.dll
0x00007ffe43e90000 - 0x00007ffe43f1d000 	C:\Program Files\JetBrains\IntelliJ IDEA 2024.1\jbr\bin\msvcp140.dll
0x00007ffdda630000 - 0x00007ffddb2b3000 	C:\Program Files\JetBrains\IntelliJ IDEA 2024.1\jbr\bin\server\jvm.dll
0x00007ffe69c00000 - 0x00007ffe69cb2000 	C:\WINDOWS\System32\ADVAPI32.dll
0x00007ffe69b50000 - 0x00007ffe69bf9000 	C:\WINDOWS\System32\sechost.dll
0x00007ffe69170000 - 0x00007ffe69198000 	C:\WINDOWS\System32\bcrypt.dll
0x00007ffe6a710000 - 0x00007ffe6a824000 	C:\WINDOWS\System32\RPCRT4.dll
0x00007ffe68820000 - 0x00007ffe6886d000 	C:\WINDOWS\SYSTEM32\POWRPROF.dll
0x00007ffe61e90000 - 0x00007ffe61ec4000 	C:\WINDOWS\SYSTEM32\WINMM.dll
0x00007ffe4d160000 - 0x00007ffe4d169000 	C:\WINDOWS\SYSTEM32\WSOCK32.dll
0x00007ffe62160000 - 0x00007ffe6216a000 	C:\WINDOWS\SYSTEM32\VERSION.dll
0x00007ffe6a590000 - 0x00007ffe6a601000 	C:\WINDOWS\System32\WS2_32.dll
0x00007ffe687d0000 - 0x00007ffe687e3000 	C:\WINDOWS\SYSTEM32\UMPDC.dll
0x00007ffe68060000 - 0x00007ffe68078000 	C:\WINDOWS\SYSTEM32\kernel.appcore.dll
0x00007ffe64a80000 - 0x00007ffe64a8a000 	C:\Program Files\JetBrains\IntelliJ IDEA 2024.1\jbr\bin\jimage.dll
0x00007ffe55600000 - 0x00007ffe55832000 	C:\WINDOWS\SYSTEM32\DBGHELP.DLL
0x00007ffe6a9f0000 - 0x00007ffe6ad7e000 	C:\WINDOWS\System32\combase.dll
0x00007ffe69cc0000 - 0x00007ffe69d97000 	C:\WINDOWS\System32\OLEAUT32.dll
0x00007ffe40be0000 - 0x00007ffe40c12000 	C:\WINDOWS\SYSTEM32\dbgcore.DLL
0x00007ffe69050000 - 0x00007ffe690cb000 	C:\WINDOWS\System32\bcryptPrimitives.dll
0x00007ffe61cc0000 - 0x00007ffe61ce5000 	C:\Program Files\JetBrains\IntelliJ IDEA 2024.1\jbr\bin\java.dll
0x00007ffe60b10000 - 0x00007ffe60b28000 	C:\Program Files\JetBrains\IntelliJ IDEA 2024.1\jbr\bin\zip.dll
0x00007ffe6b220000 - 0x00007ffe6ba87000 	C:\WINDOWS\System32\SHELL32.dll
0x00007ffe66f80000 - 0x00007ffe6787f000 	C:\WINDOWS\SYSTEM32\windows.storage.dll
0x00007ffe66e40000 - 0x00007ffe66f7f000 	C:\WINDOWS\SYSTEM32\wintypes.dll
0x00007ffe69fd0000 - 0x00007ffe6a0c9000 	C:\WINDOWS\System32\SHCORE.dll
0x00007ffe6bc90000 - 0x00007ffe6bcee000 	C:\WINDOWS\System32\shlwapi.dll
0x00007ffe68f80000 - 0x00007ffe68fa7000 	C:\WINDOWS\SYSTEM32\profapi.dll
0x00007ffe57f10000 - 0x00007ffe57f29000 	C:\Program Files\JetBrains\IntelliJ IDEA 2024.1\jbr\bin\net.dll
0x00007ffe63d10000 - 0x00007ffe63e46000 	C:\WINDOWS\SYSTEM32\WINHTTP.dll
0x00007ffe68540000 - 0x00007ffe685a9000 	C:\WINDOWS\system32\mswsock.dll
0x00007ffe57090000 - 0x00007ffe570a6000 	C:\Program Files\JetBrains\IntelliJ IDEA 2024.1\jbr\bin\nio.dll
0x00007ffe67b20000 - 0x00007ffe67b4d000 	C:\WINDOWS\SYSTEM32\IPHLPAPI.DLL
0x00007ffe6a240000 - 0x00007ffe6a249000 	C:\WINDOWS\System32\NSI.dll
0x00007ffe64520000 - 0x00007ffe64539000 	C:\WINDOWS\SYSTEM32\dhcpcsvc6.DLL
0x00007ffe627d0000 - 0x00007ffe627ef000 	C:\WINDOWS\SYSTEM32\dhcpcsvc.DLL
0x00007ffe67b50000 - 0x00007ffe67c48000 	C:\WINDOWS\SYSTEM32\DNSAPI.dll
0x00007ffe68780000 - 0x00007ffe6879b000 	C:\WINDOWS\SYSTEM32\CRYPTSP.dll
0x00007ffe67fc0000 - 0x00007ffe67ff5000 	C:\WINDOWS\system32\rsaenh.dll
0x00007ffe68600000 - 0x00007ffe68628000 	C:\WINDOWS\SYSTEM32\USERENV.dll
0x00007ffe68760000 - 0x00007ffe6876c000 	C:\WINDOWS\SYSTEM32\CRYPTBASE.dll
0x00007ffe57170000 - 0x00007ffe57179000 	C:\Program Files\JetBrains\IntelliJ IDEA 2024.1\jbr\bin\extnet.dll
0x00007ffe46090000 - 0x00007ffe46097000 	C:\Program Files\JetBrains\IntelliJ IDEA 2024.1\jbr\bin\rmi.dll

dbghelp: loaded successfully - version: 4.0.5 - missing functions: none
symbol engine: initialized successfully - sym options: 0x614 - pdb path: .;C:\Program Files\JetBrains\IntelliJ IDEA 2024.1\jbr\bin;C:\WINDOWS\SYSTEM32;C:\WINDOWS\WinSxS\amd64_microsoft.windows.common-controls_6595b64144ccf1df_6.0.22621.3672_none_2713b9d173822955;C:\Program Files\JetBrains\IntelliJ IDEA 2024.1\jbr\bin\server

VM Arguments:
jvm_args: -Djava.rmi.server.hostname=127.0.0.1 -Duser.timezone=UTC -Xmx2048m -Xms128m -Djdbc.classpath=C:\Program Files\JetBrains\IntelliJ IDEA 2024.1\plugins\DatabaseTools\lib\jdbc-console.jar;C:\Users\glebl\AppData\Roaming\JetBrains\IntelliJIdea2024.1\jdbc-drivers\H2\2.2.220\com\h2database\h2\2.2.220\h2-2.2.220.jar --add-exports=java.desktop/sun.awt=ALL-UNNAMED --add-exports=java.desktop/java.awt.peer=ALL-UNNAMED --add-opens=java.desktop/java.awt=ALL-UNNAMED --add-opens=jdk.unsupported/sun.misc=ALL-UNNAMED --add-opens=java.base/java.nio=ALL-UNNAMED --add-opens=java.base/java.util=ALL-UNNAMED -Dfile.encoding=UTF-8 
java_command: com.intellij.database.remote.RemoteJdbcServer org.h2.Driver
java_class_path (initial): C:\Program Files\JetBrains\IntelliJ IDEA 2024.1\lib\util_rt.jar;C:\Program Files\JetBrains\IntelliJ IDEA 2024.1\lib\util-8.jar;C:\Program Files\JetBrains\IntelliJ IDEA 2024.1\lib\groovy.jar;C:\Program Files\JetBrains\IntelliJ IDEA 2024.1\plugins\DatabaseTools\lib\jdbc-console.jar;C:\Program Files\JetBrains\IntelliJ IDEA 2024.1\plugins\grid-core-impl\lib\jdbc-console-types.jar;C:\Program Files\JetBrains\IntelliJ IDEA 2024.1\lib\util.jar
Launcher Type: SUN_STANDARD

[Global flags]
     intx CICompilerCount                          = 4                                         {product} {ergonomic}
     uint ConcGCThreads                            = 3                                         {product} {ergonomic}
     uint G1ConcRefinementThreads                  = 10                                        {product} {ergonomic}
   size_t G1HeapRegionSize                         = 1048576                                   {product} {ergonomic}
    uintx GCDrainStackTargetSize                   = 64                                        {product} {ergonomic}
   size_t InitialHeapSize                          = 134217728                                 {product} {command line}
   size_t MarkStackSize                            = 4194304                                   {product} {ergonomic}
   size_t MaxHeapSize                              = 2147483648                                {product} {command line}
   size_t MaxNewSize                               = 1287651328                                {product} {ergonomic}
   size_t MinHeapDeltaBytes                        = 1048576                                   {product} {ergonomic}
   size_t MinHeapSize                              = 134217728                                 {product} {command line}
    uintx NonNMethodCodeHeapSize                   = 5839372                                {pd product} {ergonomic}
    uintx NonProfiledCodeHeapSize                  = 122909434                              {pd product} {ergonomic}
    uintx ProfiledCodeHeapSize                     = 122909434                              {pd product} {ergonomic}
    uintx ReservedCodeCacheSize                    = 251658240                              {pd product} {ergonomic}
     bool SegmentedCodeCache                       = true                                      {product} {ergonomic}
   size_t SoftMaxHeapSize                          = 2147483648                             {manageable} {ergonomic}
     bool UseCompressedClassPointers               = true                           {product lp64_product} {ergonomic}
     bool UseCompressedOops                        = true                           {product lp64_product} {ergonomic}
     bool UseG1GC                                  = true                                      {product} {ergonomic}
     bool UseLargePagesIndividualAllocation        = false                                  {pd product} {ergonomic}

Logging:
Log output configuration:
 #0: stdout all=warning uptime,level,tags
 #1: stderr all=off uptime,level,tags

Environment Variables:
PATH=C:\OpenJDK JDK 22.0.2\jdk-22.0.2\bin;C:\WINDOWS\system32;C:\WINDOWS;C:\WINDOWS\System32\Wbem;C:\WINDOWS\System32\WindowsPowerShell\v1.0\;C:\WINDOWS\System32\OpenSSH\;C:\Program Files\Git\cmd;C:\OpenJDK JDK 22.0.2\jdk-22.0.2\bin;C:\apache-maven-3.9.8-bin\apache-maven-3.9.8\bin;;C:\Program Files\Docker\Docker\resources\bin;C:\Users\glebl\AppData\Local\Programs\Python\Python312\Scripts\;C:\Users\glebl\AppData\Local\Programs\Python\Python312\;C:\Users\glebl\AppData\Local\Programs\Python\Launcher\;C:\Users\glebl\AppData\Local\Microsoft\WindowsApps;C:\Users\glebl\AppData\Local\Programs\Microsoft VS Code\bin;C:\Program Files\JetBrains\IntelliJ IDEA 2024.2\bin;
USERNAME=glebl
OS=Windows_NT
PROCESSOR_IDENTIFIER=Intel64 Family 6 Model 158 Stepping 10, GenuineIntel
TMP=C:\Users\glebl\AppData\Local\Temp
TEMP=C:\Users\glebl\AppData\Local\Temp



Periodic native trim disabled

JNI global refs:
JNI global refs: 18, weak refs: 4

JNI global refs memory usage: 843, weak refs: 841

Process memory usage:
Resident Set Size: 73528K (0% of 16624868K total physical memory with 4924700K free physical memory)

OOME stack traces (most recent first):
Classloader memory used:
Loader bootstrap                                                                       : 1534K
Loader jdk.internal.loader.ClassLoaders$AppClassLoader                                 : 147K
Loader jdk.internal.loader.ClassLoaders$PlatformClassLoader                            : 20534B
Loader jdk.internal.reflect.DelegatingClassLoader                                      : 9341B
Loader com.intellij.database.remote.jdbc.impl.JdbcClassLoader$JdbcClassLoaderImpl      : 7079B
Loader com.intellij.database.remote.jdbc.impl.JdbcClassLoader$1                        : 827B


---------------  S Y S T E M  ---------------

OS:
 Windows 11 , 64 bit Build 22621 (10.0.22621.3958)
OS uptime: 0 days 11:16 hours
Hyper-V role detected

CPU: total 12 (initial active 12) (6 cores per cpu, 2 threads per core) family 6 model 158 stepping 10 microcode 0xde, cx8, cmov, fxsr, ht, mmx, 3dnowpref, sse, sse2, sse3, ssse3, sse4.1, sse4.2, popcnt, lzcnt, tsc, tscinvbit, avx, avx2, aes, erms, clmul, bmi1, bmi2, adx, fma, vzeroupper, clflush, clflushopt, hv
Processor Information for all 12 processors :
  Max Mhz: 2592, Current Mhz: 2592, Mhz Limit: 2592

Memory: 4k page, system-wide physical 16235M (4807M free)
TotalPageFile size 18667M (AvailPageFile size 2626M)
current process WorkingSet (physical memory assigned to process): 72M, peak: 72M
current process commit charge ("private bytes"): 231M, peak: 231M

vm_info: OpenJDK 64-Bit Server VM (17.0.11+1-b1207.30) for windows-amd64 JRE (17.0.11+1-b1207.30), built on 2024-07-12 by "builduser" with MS VC++ 16.10 / 16.11 (VS2019)

END.
